Using pre-set license
Built from '2022.3/staging' branch; Version is '2022.3.10f1 (ff3792e53c62) revision 16725906'; Using compiler version '192829333'; Build Type 'Release'
OS: 'Windows 10  (10.0.19045) 64bit CoreSingleLanguage' Language: 'es' Physical Memory: 15693 MB
BatchMode: 1, IsHumanControllingUs: 0, StartBugReporterOnCrash: 0, Is64bit: 1, IsPro: 1

COMMAND LINE ARGUMENTS:
C:\Program Files\Unity\Hub\Editor\2022.3.10f1\Editor\Unity.exe
-adb2
-batchMode
-noUpm
-name
AssetImportWorker3
-projectPath
C:/Users/User/Desktop/HEIDY/Aprendiendo Unyti/Metaverso
-logFile
Logs/AssetImportWorker3.log
-srvPort
54072
Successfully changed project path to: C:/Users/User/Desktop/HEIDY/Aprendiendo Unyti/Metaverso
C:/Users/User/Desktop/HEIDY/Aprendiendo Unyti/Metaverso
[UnityMemory] Configuration Parameters - Can be set up in boot.config
    "memorysetup-bucket-allocator-granularity=16"
    "memorysetup-bucket-allocator-bucket-count=8"
    "memorysetup-bucket-allocator-block-size=33554432"
    "memorysetup-bucket-allocator-block-count=8"
    "memorysetup-main-allocator-block-size=16777216"
    "memorysetup-thread-allocator-block-size=16777216"
    "memorysetup-gfx-main-allocator-block-size=16777216"
    "memorysetup-gfx-thread-allocator-block-size=16777216"
    "memorysetup-cache-allocator-block-size=4194304"
    "memorysetup-typetree-allocator-block-size=2097152"
    "memorysetup-profiler-bucket-allocator-granularity=16"
    "memorysetup-profiler-bucket-allocator-bucket-count=8"
    "memorysetup-profiler-bucket-allocator-block-size=33554432"
    "memorysetup-profiler-bucket-allocator-block-count=8"
    "memorysetup-profiler-allocator-block-size=16777216"
    "memorysetup-profiler-editor-allocator-block-size=1048576"
    "memorysetup-temp-allocator-size-main=16777216"
    "memorysetup-job-temp-allocator-block-size=2097152"
    "memorysetup-job-temp-allocator-block-size-background=1048576"
    "memorysetup-job-temp-allocator-reduction-small-platforms=262144"
    "memorysetup-allocator-temp-initial-block-size-main=262144"
    "memorysetup-allocator-temp-initial-block-size-worker=262144"
    "memorysetup-temp-allocator-size-background-worker=32768"
    "memorysetup-temp-allocator-size-job-worker=262144"
    "memorysetup-temp-allocator-size-preload-manager=33554432"
    "memorysetup-temp-allocator-size-nav-mesh-worker=65536"
    "memorysetup-temp-allocator-size-audio-worker=65536"
    "memorysetup-temp-allocator-size-cloud-worker=32768"
    "memorysetup-temp-allocator-size-gi-baking-worker=262144"
    "memorysetup-temp-allocator-size-gfx=262144"
Player connection [15028] Host "[IP] 192.168.10.67 [Port] 0 [Flags] 2 [Guid] 185414593 [EditorId] 185414593 [Version] 1048832 [Id] WindowsEditor(7,DESKTOP-4VU4C9L) [Debug] 1 [PackageName] WindowsEditor [ProjectName] Editor" joined multi-casting on [225.0.0.222:54997]...

Player connection [15028] Host "[IP] 192.168.10.67 [Port] 0 [Flags] 2 [Guid] 185414593 [EditorId] 185414593 [Version] 1048832 [Id] WindowsEditor(7,DESKTOP-4VU4C9L) [Debug] 1 [PackageName] WindowsEditor [ProjectName] Editor" joined alternative multi-casting on [225.0.0.222:34997]...

[Physics::Module] Initialized MultithreadedJobDispatcher with 15 workers.
Refreshing native plugins compatible for Editor in 65.22 ms, found 36 plugins.
Preloading 2 native plugins for Editor in 5.36 ms.
Initialize engine version: 2022.3.10f1 (ff3792e53c62)
[Subsystems] Discovering subsystems at path C:/Program Files/Unity/Hub/Editor/2022.3.10f1/Editor/Data/Resources/UnitySubsystems
[Subsystems] Discovering subsystems at path C:/Users/User/Desktop/HEIDY/Aprendiendo Unyti/Metaverso/Assets
GfxDevice: creating device client; threaded=0; jobified=0
Direct3D:
    Version:  Direct3D 11.0 [level 11.1]
    Renderer: AMD Radeon(TM) Graphics (ID=0x164c)
    Vendor:   ATI
    VRAM:     7846 MB
    Driver:   27.20.14032.8
Shader 'Oculus/OVRMRCameraFrameLit': fallback shader 'Alpha-Diffuse' not found
Initialize mono
Mono path[0] = 'C:/Program Files/Unity/Hub/Editor/2022.3.10f1/Editor/Data/Managed'
Mono path[1] = 'C:/Program Files/Unity/Hub/Editor/2022.3.10f1/Editor/Data/MonoBleedingEdge/lib/mono/unityjit-win32'
Mono config path = 'C:/Program Files/Unity/Hub/Editor/2022.3.10f1/Editor/Data/MonoBleedingEdge/etc'
Using monoOptions --debugger-agent=transport=dt_socket,embedding=1,server=y,suspend=n,address=127.0.0.1:56500
Begin MonoManager ReloadAssembly
Registering precompiled unity dll's ...
Register platform support module: C:/Program Files/Unity/Hub/Editor/2022.3.10f1/Editor/Data/PlaybackEngines/WebGLSupport/UnityEditor.WebGL.Extensions.dll
Register platform support module: C:/Program Files/Unity/Hub/Editor/2022.3.10f1/Editor/Data/PlaybackEngines/MacStandaloneSupport/UnityEditor.OSXStandalone.Extensions.dll
Register platform support module: C:/Program Files/Unity/Hub/Editor/2022.3.10f1/Editor/Data/PlaybackEngines/AndroidPlayer/UnityEditor.Android.Extensions.dll
Register platform support module: C:/Program Files/Unity/Hub/Editor/2022.3.10f1/Editor/Data/PlaybackEngines/WindowsStandaloneSupport/UnityEditor.WindowsStandalone.Extensions.dll
Registered in 0.024092 seconds.
- Loaded All Assemblies, in  0.576 seconds
Native extension for WindowsStandalone target not found
Native extension for Android target not found
Android Extension - Scanning For ADB Devices 504 ms
Native extension for OSXStandalone target not found
Native extension for WebGL target not found
Mono: successfully reloaded assembly
- Finished resetting the current domain, in  1.188 seconds
Domain Reload Profiling: 1761ms
	BeginReloadAssembly (168ms)
		ExecutionOrderSort (0ms)
		DisableScriptedObjects (0ms)
		BackupInstance (0ms)
		ReleaseScriptingObjects (0ms)
		CreateAndSetChildDomain (2ms)
	RebuildCommonClasses (52ms)
	RebuildNativeTypeToScriptingClass (16ms)
	initialDomainReloadingComplete (104ms)
	LoadAllAssembliesAndSetupDomain (232ms)
		LoadAssemblies (166ms)
		RebuildTransferFunctionScriptingTraits (0ms)
		AnalyzeDomain (226ms)
			TypeCache.Refresh (224ms)
				TypeCache.ScanAssembly (199ms)
			ScanForSourceGeneratedMonoScriptInfo (1ms)
			ResolveRequiredComponents (1ms)
	FinalizeReload (1189ms)
		ReleaseScriptCaches (0ms)
		RebuildScriptCaches (0ms)
		SetupLoadedEditorAssemblies (1088ms)
			LogAssemblyErrors (0ms)
			InitializePlatformSupportModulesInManaged (718ms)
			SetLoadedEditorAssemblies (15ms)
			RefreshPlugins (0ms)
			BeforeProcessingInitializeOnLoad (5ms)
			ProcessInitializeOnLoadAttributes (259ms)
			ProcessInitializeOnLoadMethodAttributes (90ms)
			AfterProcessingInitializeOnLoad (0ms)
			EditorAssembliesLoaded (0ms)
		ExecutionOrderSort2 (0ms)
		AwakeInstancesAfterBackupRestoration (0ms)
========================================================================
Worker process is ready to serve import requests
Begin MonoManager ReloadAssembly
- Loaded All Assemblies, in  1.802 seconds
Refreshing native plugins compatible for Editor in 50.42 ms, found 36 plugins.
Native extension for WindowsStandalone target not found
Native extension for Android target not found
Native extension for OSXStandalone target not found
Native extension for WebGL target not found
Mono: successfully reloaded assembly
- Finished resetting the current domain, in  1.989 seconds
Domain Reload Profiling: 3782ms
	BeginReloadAssembly (311ms)
		ExecutionOrderSort (0ms)
		DisableScriptedObjects (12ms)
		BackupInstance (0ms)
		ReleaseScriptingObjects (0ms)
		CreateAndSetChildDomain (42ms)
	RebuildCommonClasses (98ms)
	RebuildNativeTypeToScriptingClass (24ms)
	initialDomainReloadingComplete (85ms)
	LoadAllAssembliesAndSetupDomain (1276ms)
		LoadAssemblies (821ms)
		RebuildTransferFunctionScriptingTraits (0ms)
		AnalyzeDomain (651ms)
			TypeCache.Refresh (512ms)
				TypeCache.ScanAssembly (471ms)
			ScanForSourceGeneratedMonoScriptInfo (92ms)
			ResolveRequiredComponents (45ms)
	FinalizeReload (1990ms)
		ReleaseScriptCaches (0ms)
		RebuildScriptCaches (0ms)
		SetupLoadedEditorAssemblies (1472ms)
			LogAssemblyErrors (0ms)
			InitializePlatformSupportModulesInManaged (69ms)
			SetLoadedEditorAssemblies (16ms)
			RefreshPlugins (0ms)
			BeforeProcessingInitializeOnLoad (274ms)
			ProcessInitializeOnLoadAttributes (925ms)
			ProcessInitializeOnLoadMethodAttributes (171ms)
			AfterProcessingInitializeOnLoad (16ms)
			EditorAssembliesLoaded (1ms)
		ExecutionOrderSort2 (0ms)
		AwakeInstancesAfterBackupRestoration (13ms)
Shader 'Oculus/OVRMRCameraFrameLit': fallback shader 'Alpha-Diffuse' not found
Launched and connected shader compiler UnityShaderCompiler.exe after 0.08 seconds
Refreshing native plugins compatible for Editor in 48.58 ms, found 36 plugins.
Preloading 2 native plugins for Editor in 0.16 ms.
Unloading 7647 Unused Serialized files (Serialized files now loaded: 0)
Unloading 167 unused Assets / (0.5 MB). Loaded Objects now: 8025.
Memory consumption went from 304.7 MB to 304.2 MB.
Total: 8.805800 ms (FindLiveObjects: 1.055200 ms CreateObjectMapping: 1.303100 ms MarkObjects: 5.746600 ms  DeleteObjects: 0.698700 ms)

AssetImportParameters requested are different than current active one (requested -> active):
  custom:container-demuxer-ogg: 62fdf1f143b41e24485cea50d1cbac27 -> 
  custom:framework-win-MediaFoundation: 216162199b28c13a410421893ffa2e32 -> 
  custom:container-muxer-webm: aa71ff27fc2769a1b78a27578f13a17b -> 
  custom:video-decoder-webm-vp8: 9c59270c3fd7afecdb556c50c9e8de78 -> 
  custom:SearchIndexIgnoredProperties: e643bd26f0fe6173181afceb89e7c659 -> 
  custom:AudioImporter_EditorPlatform: d09bf68614088b80899f8185d706f6e7 -> 
  custom:audio-decoder-ogg-vorbis: bf7c407c2cedff20999df2af8eb42d56 -> 
  custom:audio-encoder-webm-vorbis: bf7c407c2cedff20999df2af8eb42d56 -> 
  custom:video-decoder-ogg-theora: a1e56fd34408186e4bbccfd4996cb3dc -> 
  custom:CustomObjectIndexerAttribute: a3ef5dd2817f97addfee359851a9dba5 -> 
  custom:container-demuxer-webm: 4f35f7cbe854078d1ac9338744f61a02 -> 
  custom:video-encoder-webm-vp8: eb34c28f22e8b96e1ab97ce403110664 -> 
========================================================================
Received Import Request.
  Time since last request: 18524.930881 seconds.
  path: Assets/UltimateXR/Editor/Devices/UxrController3DModelElementDrawer.cs
  artifactKey: Guid(5ab5b0aa93218ec408789d651c56ffed) Importer(2089858483,0ecaa5967403d082aa24f35e1b516d23)
Start importing Assets/UltimateXR/Editor/Devices/UxrController3DModelElementDrawer.cs using Guid(5ab5b0aa93218ec408789d651c56ffed) Importer(2089858483,0ecaa5967403d082aa24f35e1b516d23) Generated GUIDs only implemented for interfaces!
 -> (artifact id: '08270c812c03fac952d13e9f3e29069d') in 0.453832 seconds
Number of updated asset objects reloaded before import = 0
Number of asset objects unloaded after import = 1
========================================================================
Received Import Request.
  Time since last request: 0.000039 seconds.
  path: Assets/Oculus/VR/Scripts/OVRPassthroughLayer.cs
  artifactKey: Guid(555725d48e9051a4bb6b8d45178c2fdd) Importer(2089858483,0ecaa5967403d082aa24f35e1b516d23)
Start importing Assets/Oculus/VR/Scripts/OVRPassthroughLayer.cs using Guid(555725d48e9051a4bb6b8d45178c2fdd) Importer(2089858483,0ecaa5967403d082aa24f35e1b516d23) Generated GUIDs only implemented for interfaces!
 -> (artifact id: '3952431783067cd8f86656d34b159b1f') in 0.024836 seconds
Number of updated asset objects reloaded before import = 0
Number of asset objects unloaded after import = 1
========================================================================
Received Import Request.
  Time since last request: 0.000023 seconds.
  path: Assets/Oculus/VR/Scripts/OVRFaceExpressions.cs
  artifactKey: Guid(a95044baf65b10c4e89b246d2f881ac9) Importer(2089858483,0ecaa5967403d082aa24f35e1b516d23)
Start importing Assets/Oculus/VR/Scripts/OVRFaceExpressions.cs using Guid(a95044baf65b10c4e89b246d2f881ac9) Importer(2089858483,0ecaa5967403d082aa24f35e1b516d23) Generated GUIDs only implemented for interfaces!
 -> (artifact id: 'e0b4d4adabfa2eed669a006f616a7999') in 0.025905 seconds
Number of updated asset objects reloaded before import = 0
Number of asset objects unloaded after import = 1
========================================================================
Received Import Request.
  Time since last request: 0.000130 seconds.
  path: Assets/Oculus/VR/Scripts/OVREyeGaze.cs
  artifactKey: Guid(28dd40a6d175d01498e0477360d6c070) Importer(2089858483,0ecaa5967403d082aa24f35e1b516d23)
Start importing Assets/Oculus/VR/Scripts/OVREyeGaze.cs using Guid(28dd40a6d175d01498e0477360d6c070) Importer(2089858483,0ecaa5967403d082aa24f35e1b516d23) Generated GUIDs only implemented for interfaces!
 -> (artifact id: '7d1a2614f81a5a273225c79a7aa8a7ab') in 0.023884 seconds
Number of updated asset objects reloaded before import = 0
Number of asset objects unloaded after import = 1
========================================================================
Received Import Request.
  Time since last request: 0.000033 seconds.
  path: Assets/Oculus/VR/ThirdParty/openvr_api.cs
  artifactKey: Guid(4c67f43f52cf38445a66e0ccabcd3ce1) Importer(2089858483,0ecaa5967403d082aa24f35e1b516d23)
Start importing Assets/Oculus/VR/ThirdParty/openvr_api.cs using Guid(4c67f43f52cf38445a66e0ccabcd3ce1) Importer(2089858483,0ecaa5967403d082aa24f35e1b516d23) Generated GUIDs only implemented for interfaces!
 -> (artifact id: 'c2f83053b087ae1de685c812597d59ad') in 0.029365 seconds
Number of updated asset objects reloaded before import = 0
Number of asset objects unloaded after import = 1
========================================================================
Received Import Request.
  Time since last request: 0.000030 seconds.
  path: Assets/UltimateXR/Editor/Core/UxrSdkManagerWindow.cs
  artifactKey: Guid(e9e2598fd14163842989366affd635c9) Importer(2089858483,0ecaa5967403d082aa24f35e1b516d23)
Start importing Assets/UltimateXR/Editor/Core/UxrSdkManagerWindow.cs using Guid(e9e2598fd14163842989366affd635c9) Importer(2089858483,0ecaa5967403d082aa24f35e1b516d23) Generated GUIDs only implemented for interfaces!
 -> (artifact id: 'f8738ce7added39b4464d1a379b8ae83') in 0.026177 seconds
Number of updated asset objects reloaded before import = 0
Number of asset objects unloaded after import = 1
========================================================================
Received Import Request.
  Time since last request: 0.000042 seconds.
  path: Assets/Oculus/VR/Shaders/Unlit Crosshair.shader
  artifactKey: Guid(05b53b473302943b58b8e33c93a38dac) Importer(2089858483,0ecaa5967403d082aa24f35e1b516d23)
Start importing Assets/Oculus/VR/Shaders/Unlit Crosshair.shader using Guid(05b53b473302943b58b8e33c93a38dac) Importer(2089858483,0ecaa5967403d082aa24f35e1b516d23) Generated GUIDs only implemented for interfaces!
 -> (artifact id: '32668d4a1ad38e3f4206a97957ca5cf4') in 0.031394 seconds
Number of updated asset objects reloaded before import = 0
Number of asset objects unloaded after import = 1
========================================================================
Received Import Request.
  Time since last request: 0.000028 seconds.
  path: Assets/Oculus/VR/Scripts/OVRScenePlaneMeshFilter.cs
  artifactKey: Guid(4fc8b538f938e6e4798ac220c0a3d974) Importer(2089858483,0ecaa5967403d082aa24f35e1b516d23)
Start importing Assets/Oculus/VR/Scripts/OVRScenePlaneMeshFilter.cs using Guid(4fc8b538f938e6e4798ac220c0a3d974) Importer(2089858483,0ecaa5967403d082aa24f35e1b516d23) Generated GUIDs only implemented for interfaces!
 -> (artifact id: 'dcda6f898f46128c62daa705fe904dba') in 0.022509 seconds
Number of updated asset objects reloaded before import = 0
Number of asset objects unloaded after import = 1
========================================================================
Received Import Request.
  Time since last request: 0.000026 seconds.
  path: Assets/Oculus/VR/Textures/handle.png
  artifactKey: Guid(ce8f78b2b9292484e97f36ad9568fc4f) Importer(2089858483,0ecaa5967403d082aa24f35e1b516d23)
Start importing Assets/Oculus/VR/Textures/handle.png using Guid(ce8f78b2b9292484e97f36ad9568fc4f) Importer(2089858483,0ecaa5967403d082aa24f35e1b516d23) Generated GUIDs only implemented for interfaces!
 -> (artifact id: 'a8d53a433617506047b81b1bbcbb792f') in 0.119678 seconds
Number of updated asset objects reloaded before import = 0
Number of asset objects unloaded after import = 3
========================================================================
Received Import Request.
  Time since last request: 0.000044 seconds.
  path: Assets/UltimateXR/Art/Laser/DotTex.tga
  artifactKey: Guid(8370aa6d5cca03f44ae61d99636e96c1) Importer(2089858483,0ecaa5967403d082aa24f35e1b516d23)
Start importing Assets/UltimateXR/Art/Laser/DotTex.tga using Guid(8370aa6d5cca03f44ae61d99636e96c1) Importer(2089858483,0ecaa5967403d082aa24f35e1b516d23) Generated GUIDs only implemented for interfaces!
 -> (artifact id: '0ac661d8c7f67c8be0373224834b05fc') in 0.053180 seconds
Number of updated asset objects reloaded before import = 0
Number of asset objects unloaded after import = 1
========================================================================
Received Import Request.
  Time since last request: 0.000055 seconds.
  path: Assets/UltimateXR/Editor/Locomotion/UxrTeleportLocomotionEditor.cs
  artifactKey: Guid(926c080f8d3b9834bab299364c9e9ae3) Importer(2089858483,0ecaa5967403d082aa24f35e1b516d23)
Start importing Assets/UltimateXR/Editor/Locomotion/UxrTeleportLocomotionEditor.cs using Guid(926c080f8d3b9834bab299364c9e9ae3) Importer(2089858483,0ecaa5967403d082aa24f35e1b516d23) Generated GUIDs only implemented for interfaces!
 -> (artifact id: '4f113ab62434751d2e312fb6d79b5f92') in 0.024568 seconds
Number of updated asset objects reloaded before import = 0
Number of asset objects unloaded after import = 1
========================================================================
Received Import Request.
  Time since last request: 0.000030 seconds.
  path: Assets/Oculus/VR/Scripts/OVRTracker.cs
  artifactKey: Guid(7cb3c9d4cb0970e448c655096649e814) Importer(2089858483,0ecaa5967403d082aa24f35e1b516d23)
Start importing Assets/Oculus/VR/Scripts/OVRTracker.cs using Guid(7cb3c9d4cb0970e448c655096649e814) Importer(2089858483,0ecaa5967403d082aa24f35e1b516d23) Generated GUIDs only implemented for interfaces!
 -> (artifact id: 'be9ad6552ae5ba774ddc2becb93d7bbe') in 0.028549 seconds
Number of updated asset objects reloaded before import = 0
Number of asset objects unloaded after import = 1
========================================================================
Received Import Request.
  Time since last request: 0.000148 seconds.
  path: Assets/Oculus/VR/Textures/gaze_cursor.png
  artifactKey: Guid(077028084dceb584798dade6c58d1978) Importer(2089858483,0ecaa5967403d082aa24f35e1b516d23)
Start importing Assets/Oculus/VR/Textures/gaze_cursor.png using Guid(077028084dceb584798dade6c58d1978) Importer(2089858483,0ecaa5967403d082aa24f35e1b516d23) Generated GUIDs only implemented for interfaces!
 -> (artifact id: '912989b6a8b917fad6ba63e8fc392688') in 0.051425 seconds
Number of updated asset objects reloaded before import = 0
Number of asset objects unloaded after import = 1
========================================================================
Received Import Request.
  Time since last request: 0.000029 seconds.
  path: Assets/Oculus/VR/Textures/gaze_cursor_timer.tga
  artifactKey: Guid(79a33e7a7166c6142ad50f46a9a23d3e) Importer(2089858483,0ecaa5967403d082aa24f35e1b516d23)
Start importing Assets/Oculus/VR/Textures/gaze_cursor_timer.tga using Guid(79a33e7a7166c6142ad50f46a9a23d3e) Importer(2089858483,0ecaa5967403d082aa24f35e1b516d23) Generated GUIDs only implemented for interfaces!
 -> (artifact id: '10bc0c768725f699bb85001746aeba33') in 0.043543 seconds
Number of updated asset objects reloaded before import = 0
Number of asset objects unloaded after import = 1
========================================================================
Received Import Request.
  Time since last request: 0.000032 seconds.
  path: Assets/TextMesh Pro/Resources/Fonts & Materials/LiberationSans SDF.asset
  artifactKey: Guid(8f586378b4e144a9851e7b34d9b748ee) Importer(2089858483,0ecaa5967403d082aa24f35e1b516d23)
Start importing Assets/TextMesh Pro/Resources/Fonts & Materials/LiberationSans SDF.asset using Guid(8f586378b4e144a9851e7b34d9b748ee) Importer(2089858483,0ecaa5967403d082aa24f35e1b516d23) Generated GUIDs only implemented for interfaces!
 -> (artifact id: 'adc0034768b4acc6b39478bdcd1cdde9') in 0.126009 seconds
Number of updated asset objects reloaded before import = 0
Number of asset objects unloaded after import = 8
========================================================================
Received Import Request.
  Time since last request: 0.000071 seconds.
  path: Assets/Oculus/VR/Scenes/SpectatorMode.unity
  artifactKey: Guid(48f290ede0df84ec8bd990c5f5026654) Importer(2089858483,0ecaa5967403d082aa24f35e1b516d23)
Start importing Assets/Oculus/VR/Scenes/SpectatorMode.unity using Guid(48f290ede0df84ec8bd990c5f5026654) Importer(2089858483,0ecaa5967403d082aa24f35e1b516d23) Generated GUIDs only implemented for interfaces!
 -> (artifact id: '3fa88fc26e45398e37133665df30947c') in 0.030627 seconds
Number of updated asset objects reloaded before import = 0
Number of asset objects unloaded after import = 1
========================================================================
Received Import Request.
  Time since last request: 0.000068 seconds.
  path: Assets/UltimateXR/Editor/Attributes/ReadOnlyPropertyDrawer.cs
  artifactKey: Guid(4555f79d196764240a3a598274214168) Importer(2089858483,0ecaa5967403d082aa24f35e1b516d23)
Start importing Assets/UltimateXR/Editor/Attributes/ReadOnlyPropertyDrawer.cs using Guid(4555f79d196764240a3a598274214168) Importer(2089858483,0ecaa5967403d082aa24f35e1b516d23) Generated GUIDs only implemented for interfaces!
 -> (artifact id: '298f772379f90cbbd19558f0bd80dd96') in 0.029650 seconds
Number of updated asset objects reloaded before import = 0
Number of asset objects unloaded after import = 1
========================================================================
Received Import Request.
  Time since last request: 0.000025 seconds.
  path: Assets/Oculus/VR/Scripts/OVRGLTFAccessor.cs
  artifactKey: Guid(28f1513cee5118748b26bb8b0ca56397) Importer(2089858483,0ecaa5967403d082aa24f35e1b516d23)
Start importing Assets/Oculus/VR/Scripts/OVRGLTFAccessor.cs using Guid(28f1513cee5118748b26bb8b0ca56397) Importer(2089858483,0ecaa5967403d082aa24f35e1b516d23) Generated GUIDs only implemented for interfaces!
 -> (artifact id: 'a3c8b9c2401cca537f8a21efc335bf90') in 0.032149 seconds
Number of updated asset objects reloaded before import = 0
Number of asset objects unloaded after import = 1
========================================================================
Received Import Request.
  Time since last request: 0.000040 seconds.
  path: Assets/Oculus/VR/Resources/Cubemap Blit.shader
  artifactKey: Guid(561ccac587275c745aec500620f12fc7) Importer(2089858483,0ecaa5967403d082aa24f35e1b516d23)
Start importing Assets/Oculus/VR/Resources/Cubemap Blit.shader using Guid(561ccac587275c745aec500620f12fc7) Importer(2089858483,0ecaa5967403d082aa24f35e1b516d23) Generated GUIDs only implemented for interfaces!
 -> (artifact id: 'ed1dc470c5a229760e76aec972fa4a04') in 0.030070 seconds
Number of updated asset objects reloaded before import = 0
Number of asset objects unloaded after import = 1
========================================================================
Received Import Request.
  Time since last request: 0.000030 seconds.
  path: Assets/UltimateXR/Art/Gazing/CrosshairDotMatBlackBorder.mat
  artifactKey: Guid(9b30dd8134231c44495359bbcad6c458) Importer(2089858483,0ecaa5967403d082aa24f35e1b516d23)
Start importing Assets/UltimateXR/Art/Gazing/CrosshairDotMatBlackBorder.mat using Guid(9b30dd8134231c44495359bbcad6c458) Importer(2089858483,0ecaa5967403d082aa24f35e1b516d23) Generated GUIDs only implemented for interfaces!
 -> (artifact id: 'f54b611c7049f14af8cc56baaadcdcf5') in 0.072939 seconds
Number of updated asset objects reloaded before import = 0
Number of asset objects unloaded after import = 2
========================================================================
Received Import Request.
  Time since last request: 0.000049 seconds.
  path: Assets/Oculus/VR/Scripts/OVRUnityHumanoidSkeletonRetargeter.cs
  artifactKey: Guid(c9f451663ada6d64983a58b6870c7ff4) Importer(2089858483,0ecaa5967403d082aa24f35e1b516d23)
Start importing Assets/Oculus/VR/Scripts/OVRUnityHumanoidSkeletonRetargeter.cs using Guid(c9f451663ada6d64983a58b6870c7ff4) Importer(2089858483,0ecaa5967403d082aa24f35e1b516d23) Generated GUIDs only implemented for interfaces!
 -> (artifact id: 'b36d2c8facc7a47c20beb29897f10c07') in 0.021197 seconds
Number of updated asset objects reloaded before import = 0
Number of asset objects unloaded after import = 1
========================================================================
Received Import Request.
  Time since last request: 0.000030 seconds.
  path: Assets/Oculus/VR/Scenes/ControllerDrivenHandPoses.unity
  artifactKey: Guid(7ea9f7c90c2fa404d86276a633b59903) Importer(2089858483,0ecaa5967403d082aa24f35e1b516d23)
Start importing Assets/Oculus/VR/Scenes/ControllerDrivenHandPoses.unity using Guid(7ea9f7c90c2fa404d86276a633b59903) Importer(2089858483,0ecaa5967403d082aa24f35e1b516d23) Generated GUIDs only implemented for interfaces!
 -> (artifact id: 'beed48f3bde78fd0a97a32af98ee2db3') in 0.021074 seconds
Number of updated asset objects reloaded before import = 0
Number of asset objects unloaded after import = 1
========================================================================
Received Import Request.
  Time since last request: 0.000020 seconds.
  path: Assets/Oculus/VR/Scripts/OVRBody.cs
  artifactKey: Guid(274835e4e2feae04b87f0d000555f8a4) Importer(2089858483,0ecaa5967403d082aa24f35e1b516d23)
Start importing Assets/Oculus/VR/Scripts/OVRBody.cs using Guid(274835e4e2feae04b87f0d000555f8a4) Importer(2089858483,0ecaa5967403d082aa24f35e1b516d23) Generated GUIDs only implemented for interfaces!
 -> (artifact id: '66566b46b49e4d805c64bf3a2cd7a258') in 0.023944 seconds
Number of updated asset objects reloaded before import = 0
Number of asset objects unloaded after import = 1
========================================================================
Received Import Request.
  Time since last request: 0.000027 seconds.
  path: Assets/Oculus/VR/Resources/Underlay Transparent Occluder.shader
  artifactKey: Guid(d6708eb99dec8334fb83db57b764097a) Importer(2089858483,0ecaa5967403d082aa24f35e1b516d23)
Start importing Assets/Oculus/VR/Resources/Underlay Transparent Occluder.shader using Guid(d6708eb99dec8334fb83db57b764097a) Importer(2089858483,0ecaa5967403d082aa24f35e1b516d23) Generated GUIDs only implemented for interfaces!
 -> (artifact id: 'f61c0b7fc8c5ebb0f6fcc69f3f237abb') in 0.030108 seconds
Number of updated asset objects reloaded before import = 0
Number of asset objects unloaded after import = 1
========================================================================
Received Import Request.
  Time since last request: 0.000030 seconds.
  path: Assets/Oculus/VR/Scripts/OVRScenePlane.cs
  artifactKey: Guid(29ed0e0807c8fba47bb33b89172401e8) Importer(2089858483,0ecaa5967403d082aa24f35e1b516d23)
Start importing Assets/Oculus/VR/Scripts/OVRScenePlane.cs using Guid(29ed0e0807c8fba47bb33b89172401e8) Importer(2089858483,0ecaa5967403d082aa24f35e1b516d23) Generated GUIDs only implemented for interfaces!
 -> (artifact id: '8122798188064df4efbdb1a82441efed') in 0.022527 seconds
Number of updated asset objects reloaded before import = 0
Number of asset objects unloaded after import = 1
========================================================================
Received Import Request.
  Time since last request: 0.000043 seconds.
  path: Assets/Oculus/VR/Resources/OVRMRCameraFrameLit.shader
  artifactKey: Guid(a8577c885e80d8043946ac5b7abcf9a1) Importer(2089858483,0ecaa5967403d082aa24f35e1b516d23)
Start importing Assets/Oculus/VR/Resources/OVRMRCameraFrameLit.shader using Guid(a8577c885e80d8043946ac5b7abcf9a1) Importer(2089858483,0ecaa5967403d082aa24f35e1b516d23) Generated GUIDs only implemented for interfaces!
 -> (artifact id: '5e30e97a5608f10e00d992e6333d8c14') in 0.031520 seconds
Number of updated asset objects reloaded before import = 0
Number of asset objects unloaded after import = 1
========================================================================
Received Import Request.
  Time since last request: 0.000045 seconds.
  path: Assets/Oculus/VR/Scenes/VirtualKeyboard.unity
  artifactKey: Guid(c9684441ee1da1244a223118fdaa5d13) Importer(2089858483,0ecaa5967403d082aa24f35e1b516d23)
Start importing Assets/Oculus/VR/Scenes/VirtualKeyboard.unity using Guid(c9684441ee1da1244a223118fdaa5d13) Importer(2089858483,0ecaa5967403d082aa24f35e1b516d23) Generated GUIDs only implemented for interfaces!
 -> (artifact id: '3fdf90c5efe856eb9ff3fe0f554b0192') in 0.027822 seconds
Number of updated asset objects reloaded before import = 0
Number of asset objects unloaded after import = 1
========================================================================
Received Import Request.
  Time since last request: 0.000039 seconds.
  path: Assets/Oculus/VR/Scripts/OVRSceneVolumeMeshFilter.cs
  artifactKey: Guid(8ad2d11993f599542b0d0c2ba898434a) Importer(2089858483,0ecaa5967403d082aa24f35e1b516d23)
Start importing Assets/Oculus/VR/Scripts/OVRSceneVolumeMeshFilter.cs using Guid(8ad2d11993f599542b0d0c2ba898434a) Importer(2089858483,0ecaa5967403d082aa24f35e1b516d23) Generated GUIDs only implemented for interfaces!
 -> (artifact id: 'ebdb5578f169057aa17674902b8c46e2') in 0.024904 seconds
Number of updated asset objects reloaded before import = 0
Number of asset objects unloaded after import = 1
========================================================================
Received Import Request.
  Time since last request: 0.546751 seconds.
  path: Assets/UltimateXR/Editor/Sdks/SteamVRActionsExporter.ButtonUsageFlags.cs
  artifactKey: Guid(17dc027d2f2240d4a5a9e20a8ac418d5) Importer(2089858483,0ecaa5967403d082aa24f35e1b516d23)
Start importing Assets/UltimateXR/Editor/Sdks/SteamVRActionsExporter.ButtonUsageFlags.cs using Guid(17dc027d2f2240d4a5a9e20a8ac418d5) Importer(2089858483,0ecaa5967403d082aa24f35e1b516d23) Generated GUIDs only implemented for interfaces!
 -> (artifact id: '8c069b2b8a963270dc3fa5c172897947') in 0.031484 seconds
Number of updated asset objects reloaded before import = 0
Number of asset objects unloaded after import = 1
========================================================================
Received Import Request.
  Time since last request: 0.000035 seconds.
  path: Assets/UltimateXR/Scripts/Avatar/UxrAvatarSyncEventArgs.cs
  artifactKey: Guid(741a93e30d8aa4247a6f73621ff2e9cf) Importer(2089858483,0ecaa5967403d082aa24f35e1b516d23)
Start importing Assets/UltimateXR/Scripts/Avatar/UxrAvatarSyncEventArgs.cs using Guid(741a93e30d8aa4247a6f73621ff2e9cf) Importer(2089858483,0ecaa5967403d082aa24f35e1b516d23) Generated GUIDs only implemented for interfaces!
 -> (artifact id: '9d0a0e472923fe201faa4851cd1d6c3d') in 0.024423 seconds
Number of updated asset objects reloaded before import = 0
Number of asset objects unloaded after import = 1
========================================================================
Received Import Request.
  Time since last request: 0.000045 seconds.
  path: Assets/UltimateXR/Scripts/Avatar/UxrAvatarUpdateEventArgs.cs
  artifactKey: Guid(4858ff3efca89a1429b9ec152c538511) Importer(2089858483,0ecaa5967403d082aa24f35e1b516d23)
Start importing Assets/UltimateXR/Scripts/Avatar/UxrAvatarUpdateEventArgs.cs using Guid(4858ff3efca89a1429b9ec152c538511) Importer(2089858483,0ecaa5967403d082aa24f35e1b516d23) Generated GUIDs only implemented for interfaces!
 -> (artifact id: '6a2bc9d054fadd022617394501f949cd') in 0.021742 seconds
Number of updated asset objects reloaded before import = 0
Number of asset objects unloaded after import = 1
========================================================================
Received Import Request.
  Time since last request: 0.000023 seconds.
  path: Assets/UltimateXR/Prefabs/Teleport/TeleportStylish01_BRP.prefab
  artifactKey: Guid(e950e91b75a7dd74b97f55bbdf92b974) Importer(2089858483,0ecaa5967403d082aa24f35e1b516d23)
Start importing Assets/UltimateXR/Prefabs/Teleport/TeleportStylish01_BRP.prefab using Guid(e950e91b75a7dd74b97f55bbdf92b974) Importer(2089858483,0ecaa5967403d082aa24f35e1b516d23) Generated GUIDs only implemented for interfaces!
 -> (artifact id: '50bf5db559b1af96e65093e680e0f7a6') in 0.143515 seconds
Number of updated asset objects reloaded before import = 0
Number of asset objects unloaded after import = 95
========================================================================
Received Import Request.
  Time since last request: 0.000032 seconds.
  path: Assets/UltimateXR/Prefabs/Teleport/TeleportStylish02_BRP.prefab
  artifactKey: Guid(15846c7fd6ba3e2458ec25e901509f61) Importer(2089858483,0ecaa5967403d082aa24f35e1b516d23)
Start importing Assets/UltimateXR/Prefabs/Teleport/TeleportStylish02_BRP.prefab using Guid(15846c7fd6ba3e2458ec25e901509f61) Importer(2089858483,0ecaa5967403d082aa24f35e1b516d23) Generated GUIDs only implemented for interfaces!
 -> (artifact id: '9aa0e279dd304d4ee4f191677c76ed8c') in 0.058316 seconds
Number of updated asset objects reloaded before import = 0
Number of asset objects unloaded after import = 95
========================================================================
Received Import Request.
  Time since last request: 0.000033 seconds.
  path: Assets/UltimateXR/Scripts/CameraUtils/UxrWallFadeMode.cs
  artifactKey: Guid(50c504e842a34323bc0474ed43301a71) Importer(2089858483,0ecaa5967403d082aa24f35e1b516d23)
Start importing Assets/UltimateXR/Scripts/CameraUtils/UxrWallFadeMode.cs using Guid(50c504e842a34323bc0474ed43301a71) Importer(2089858483,0ecaa5967403d082aa24f35e1b516d23) Generated GUIDs only implemented for interfaces!
 -> (artifact id: '5e8f98b6cd5092c215b90cff1820185e') in 0.027441 seconds
Number of updated asset objects reloaded before import = 0
Number of asset objects unloaded after import = 1
========================================================================
Received Import Request.
  Time since last request: 0.000043 seconds.
  path: Assets/UltimateXR/Scripts/Avatar/UxrAvatarSyncEventType.cs
  artifactKey: Guid(f0c7b67af4f5fe0429c1be9fc3b251ab) Importer(2089858483,0ecaa5967403d082aa24f35e1b516d23)
Start importing Assets/UltimateXR/Scripts/Avatar/UxrAvatarSyncEventType.cs using Guid(f0c7b67af4f5fe0429c1be9fc3b251ab) Importer(2089858483,0ecaa5967403d082aa24f35e1b516d23) Generated GUIDs only implemented for interfaces!
 -> (artifact id: 'dfb28ef258c4de0d0121fd8692ce792a') in 0.023549 seconds
Number of updated asset objects reloaded before import = 0
Number of asset objects unloaded after import = 1
========================================================================
Received Import Request.
  Time since last request: 0.000025 seconds.
  path: Assets/UltimateXR/Resources/Shaders/!Readme.txt
  artifactKey: Guid(1cd08e7ff3d278242bc6cf1816f24af0) Importer(2089858483,0ecaa5967403d082aa24f35e1b516d23)
Start importing Assets/UltimateXR/Resources/Shaders/!Readme.txt using Guid(1cd08e7ff3d278242bc6cf1816f24af0) Importer(2089858483,0ecaa5967403d082aa24f35e1b516d23) Generated GUIDs only implemented for interfaces!
 -> (artifact id: '6ac40b20f1317e28b6ed53f61470a5fa') in 0.034349 seconds
Number of updated asset objects reloaded before import = 0
Number of asset objects unloaded after import = 1
========================================================================
Received Import Request.
  Time since last request: 0.000030 seconds.
  path: Assets/UltimateXR/Examples/Input/InputVRSettings.lighting
  artifactKey: Guid(9e4cecc1df278cb43875496d150952b6) Importer(2089858483,0ecaa5967403d082aa24f35e1b516d23)
Start importing Assets/UltimateXR/Examples/Input/InputVRSettings.lighting using Guid(9e4cecc1df278cb43875496d150952b6) Importer(2089858483,0ecaa5967403d082aa24f35e1b516d23) LightingSettings: switching bake backend from 1 to 0.
Generated GUIDs only implemented for interfaces!
 -> (artifact id: '1c840119ff65d45e9cd4dce05bdfc492') in 0.063378 seconds
Number of updated asset objects reloaded before import = 0
Number of asset objects unloaded after import = 1
========================================================================
Received Import Request.
  Time since last request: 0.000039 seconds.
  path: Assets/UltimateXR/Editor/Utilities/MirrorWindow.cs
  artifactKey: Guid(5cf17205ae70ea045bcfca2fefd80085) Importer(2089858483,0ecaa5967403d082aa24f35e1b516d23)
Start importing Assets/UltimateXR/Editor/Utilities/MirrorWindow.cs using Guid(5cf17205ae70ea045bcfca2fefd80085) Importer(2089858483,0ecaa5967403d082aa24f35e1b516d23) Generated GUIDs only implemented for interfaces!
 -> (artifact id: '96a685e693b3586d95311f7c03d50732') in 0.030648 seconds
Number of updated asset objects reloaded before import = 0
Number of asset objects unloaded after import = 1
========================================================================
Received Import Request.
  Time since last request: 0.000042 seconds.
  path: Assets/UltimateXR/Prefabs/Teleport/TeleportRound02_URP.prefab
  artifactKey: Guid(dcab4592842ad9d4e816576c99e191f2) Importer(2089858483,0ecaa5967403d082aa24f35e1b516d23)
Start importing Assets/UltimateXR/Prefabs/Teleport/TeleportRound02_URP.prefab using Guid(dcab4592842ad9d4e816576c99e191f2) Importer(2089858483,0ecaa5967403d082aa24f35e1b516d23) Generated GUIDs only implemented for interfaces!
 -> (artifact id: 'cf513102febd302917d93ac5c43e66c9') in 0.170669 seconds
Number of updated asset objects reloaded before import = 0
Number of asset objects unloaded after import = 50
========================================================================
Received Import Request.
  Time since last request: 0.000045 seconds.
  path: Assets/UltimateXR/Scripts/Devices/UxrHandTracking.BoneCalibration.cs
  artifactKey: Guid(3ad48c422a774f17a2356484a9df85e1) Importer(2089858483,0ecaa5967403d082aa24f35e1b516d23)
Start importing Assets/UltimateXR/Scripts/Devices/UxrHandTracking.BoneCalibration.cs using Guid(3ad48c422a774f17a2356484a9df85e1) Importer(2089858483,0ecaa5967403d082aa24f35e1b516d23) Generated GUIDs only implemented for interfaces!
 -> (artifact id: 'cbd88f71b627beaf83d8316114d22831') in 0.026444 seconds
Number of updated asset objects reloaded before import = 0
Number of asset objects unloaded after import = 1
========================================================================
Received Import Request.
  Time since last request: 0.000033 seconds.
  path: Assets/UltimateXR/Scripts/Haptics/UxrHapticEventType.cs
  artifactKey: Guid(901958630cb844df8a6dd5144da8e0b6) Importer(2089858483,0ecaa5967403d082aa24f35e1b516d23)
Start importing Assets/UltimateXR/Scripts/Haptics/UxrHapticEventType.cs using Guid(901958630cb844df8a6dd5144da8e0b6) Importer(2089858483,0ecaa5967403d082aa24f35e1b516d23) Generated GUIDs only implemented for interfaces!
 -> (artifact id: '3ea2cf85eb0395bab52e339c327e1460') in 0.026427 seconds
Number of updated asset objects reloaded before import = 0
Number of asset objects unloaded after import = 1
========================================================================
Received Import Request.
  Time since last request: 0.000039 seconds.
  path: Assets/UltimateXR/Scripts/Core/UxrUpdateStage.cs
  artifactKey: Guid(c01a96d715b44b268193ce591d90fa3a) Importer(2089858483,0ecaa5967403d082aa24f35e1b516d23)
Start importing Assets/UltimateXR/Scripts/Core/UxrUpdateStage.cs using Guid(c01a96d715b44b268193ce591d90fa3a) Importer(2089858483,0ecaa5967403d082aa24f35e1b516d23) Generated GUIDs only implemented for interfaces!
 -> (artifact id: '88730bea70705780f747be0221370c52') in 0.025015 seconds
Number of updated asset objects reloaded before import = 0
Number of asset objects unloaded after import = 1
========================================================================
Received Import Request.
  Time since last request: 0.000041 seconds.
  path: Assets/UltimateXR/Scripts/Haptics/UxrHapticClip.cs
  artifactKey: Guid(7aa2110dfa31409d80e30dcf35ad5f2b) Importer(2089858483,0ecaa5967403d082aa24f35e1b516d23)
Start importing Assets/UltimateXR/Scripts/Haptics/UxrHapticClip.cs using Guid(7aa2110dfa31409d80e30dcf35ad5f2b) Importer(2089858483,0ecaa5967403d082aa24f35e1b516d23) Generated GUIDs only implemented for interfaces!
 -> (artifact id: 'fc7449110a31fcb643358b059037e764') in 0.033017 seconds
Number of updated asset objects reloaded before import = 0
Number of asset objects unloaded after import = 1
========================================================================
Received Import Request.
  Time since last request: 0.000023 seconds.
  path: Assets/UltimateXR/Scripts/Audio/UxrAudioBoxVolume.cs
  artifactKey: Guid(d8bc7c0c8f6bf2e4badd58f768290c7c) Importer(2089858483,0ecaa5967403d082aa24f35e1b516d23)
Start importing Assets/UltimateXR/Scripts/Audio/UxrAudioBoxVolume.cs using Guid(d8bc7c0c8f6bf2e4badd58f768290c7c) Importer(2089858483,0ecaa5967403d082aa24f35e1b516d23) Generated GUIDs only implemented for interfaces!
 -> (artifact id: '78ea189fa8ce24274d16a5ebf0701c6a') in 0.038182 seconds
Number of updated asset objects reloaded before import = 0
Number of asset objects unloaded after import = 1
========================================================================
Received Import Request.
  Time since last request: 0.000228 seconds.
  path: Assets/UltimateXR/Prefabs/Gazing/CameraPointerDot.prefab
  artifactKey: Guid(ace250a69845abc46b1753cea0c06593) Importer(2089858483,0ecaa5967403d082aa24f35e1b516d23)
Start importing Assets/UltimateXR/Prefabs/Gazing/CameraPointerDot.prefab using Guid(ace250a69845abc46b1753cea0c06593) Importer(2089858483,0ecaa5967403d082aa24f35e1b516d23) Generated GUIDs only implemented for interfaces!
 -> (artifact id: 'd631ff0db32519e61a93e7201325b4a5') in 0.055832 seconds
Number of updated asset objects reloaded before import = 0
Number of asset objects unloaded after import = 9
========================================================================
Received Import Request.
  Time since last request: 0.000033 seconds.
  path: Assets/UltimateXR/Resources/Shaders/OverlayFade.shader
  artifactKey: Guid(091e30299a43fbf49b51c4992d750f2f) Importer(2089858483,0ecaa5967403d082aa24f35e1b516d23)
Start importing Assets/UltimateXR/Resources/Shaders/OverlayFade.shader using Guid(091e30299a43fbf49b51c4992d750f2f) Importer(2089858483,0ecaa5967403d082aa24f35e1b516d23) Generated GUIDs only implemented for interfaces!
 -> (artifact id: '39e34b142195bf39a043302253af2fb1') in 0.036051 seconds
Number of updated asset objects reloaded before import = 0
Number of asset objects unloaded after import = 1
========================================================================
Received Import Request.
  Time since last request: 0.000030 seconds.
  path: Assets/UltimateXR/Scripts/Avatar/UxrAvatar.cs
  artifactKey: Guid(53722f72346fa6848ae1386be516505b) Importer(2089858483,0ecaa5967403d082aa24f35e1b516d23)
Start importing Assets/UltimateXR/Scripts/Avatar/UxrAvatar.cs using Guid(53722f72346fa6848ae1386be516505b) Importer(2089858483,0ecaa5967403d082aa24f35e1b516d23) Generated GUIDs only implemented for interfaces!
 -> (artifact id: 'c274f5de55af295bfd02a1f8cbaaa367') in 0.032950 seconds
Number of updated asset objects reloaded before import = 0
Number of asset objects unloaded after import = 1
========================================================================
Received Import Request.
  Time since last request: 0.000038 seconds.
  path: Assets/UltimateXR/Prefabs/Avatars/CyborgAvatar_BRP.prefab
  artifactKey: Guid(d12ff67997e4a1547890dc7efeb1b11c) Importer(2089858483,0ecaa5967403d082aa24f35e1b516d23)
Start importing Assets/UltimateXR/Prefabs/Avatars/CyborgAvatar_BRP.prefab using Guid(d12ff67997e4a1547890dc7efeb1b11c) Importer(2089858483,0ecaa5967403d082aa24f35e1b516d23) Generated GUIDs only implemented for interfaces!
 -> (artifact id: '4825a858f72005f0856d121689e20909') in 0.863279 seconds
Number of updated asset objects reloaded before import = 0
Number of asset objects unloaded after import = 11862
========================================================================
Received Import Request.
  Time since last request: 0.000039 seconds.
  path: Assets/UltimateXR/Scripts/Core/UxrConstants.Paths.cs
  artifactKey: Guid(a2b07fe167a04cd488f192a4dac9e3f3) Importer(2089858483,0ecaa5967403d082aa24f35e1b516d23)
Start importing Assets/UltimateXR/Scripts/Core/UxrConstants.Paths.cs using Guid(a2b07fe167a04cd488f192a4dac9e3f3) Importer(2089858483,0ecaa5967403d082aa24f35e1b516d23) Generated GUIDs only implemented for interfaces!
 -> (artifact id: '824633fe53f5ec91e039bce5e7f7cda7') in 0.050271 seconds
Number of updated asset objects reloaded before import = 0
Number of asset objects unloaded after import = 1
========================================================================
Received Import Request.
  Time since last request: 0.002247 seconds.
  path: Assets/UltimateXR/Resources/Shaders/Unlit.shader
  artifactKey: Guid(8b8378ad843999042ae9f3d5dcd6d658) Importer(2089858483,0ecaa5967403d082aa24f35e1b516d23)
Start importing Assets/UltimateXR/Resources/Shaders/Unlit.shader using Guid(8b8378ad843999042ae9f3d5dcd6d658) Importer(2089858483,0ecaa5967403d082aa24f35e1b516d23) Generated GUIDs only implemented for interfaces!
 -> (artifact id: '3cf03033411056d5f9b12c6b02b6b018') in 0.036065 seconds
Number of updated asset objects reloaded before import = 0
Number of asset objects unloaded after import = 1
========================================================================
Received Import Request.
  Time since last request: 0.015329 seconds.
  path: Assets/UltimateXR/Scripts/Core/UxrConstants.UI.cs
  artifactKey: Guid(1cffe96ab0b140a40974193e681cf63d) Importer(2089858483,0ecaa5967403d082aa24f35e1b516d23)
Start importing Assets/UltimateXR/Scripts/Core/UxrConstants.UI.cs using Guid(1cffe96ab0b140a40974193e681cf63d) Importer(2089858483,0ecaa5967403d082aa24f35e1b516d23) Generated GUIDs only implemented for interfaces!
 -> (artifact id: 'fbf5a9a4e7f91548d659f939d68ba2fe') in 0.063694 seconds
Number of updated asset objects reloaded before import = 0
Number of asset objects unloaded after import = 1
========================================================================
Received Import Request.
  Time since last request: 0.000243 seconds.
  path: Assets/UltimateXR/Scripts/Core/UxrPostUpdateMode.cs
  artifactKey: Guid(90268f2c41c84b95ac40e1a4fae073be) Importer(2089858483,0ecaa5967403d082aa24f35e1b516d23)
Start importing Assets/UltimateXR/Scripts/Core/UxrPostUpdateMode.cs using Guid(90268f2c41c84b95ac40e1a4fae073be) Importer(2089858483,0ecaa5967403d082aa24f35e1b516d23) Generated GUIDs only implemented for interfaces!
 -> (artifact id: '31771f739d90c49f77cb0a16b5e23a5f') in 0.050372 seconds
Number of updated asset objects reloaded before import = 0
Number of asset objects unloaded after import = 1
========================================================================
Received Import Request.
  Time since last request: 0.003206 seconds.
  path: Assets/UltimateXR/Scripts/Devices/UxrDeviceConnectEventArgs.cs
  artifactKey: Guid(72422a35ea4d4f698f8945bc732aa9e8) Importer(2089858483,0ecaa5967403d082aa24f35e1b516d23)
Start importing Assets/UltimateXR/Scripts/Devices/UxrDeviceConnectEventArgs.cs using Guid(72422a35ea4d4f698f8945bc732aa9e8) Importer(2089858483,0ecaa5967403d082aa24f35e1b516d23) Generated GUIDs only implemented for interfaces!
 -> (artifact id: '935b3bef5959cf010bd741ddb61e54d6') in 0.037004 seconds
Number of updated asset objects reloaded before import = 0
Number of asset objects unloaded after import = 1
========================================================================
Received Prepare
Begin MonoManager ReloadAssembly
- Loaded All Assemblies, in  1.049 seconds
Refreshing native plugins compatible for Editor in 28.38 ms, found 36 plugins.
Native extension for WindowsStandalone target not found
Native extension for Android target not found
Native extension for OSXStandalone target not found
Native extension for WebGL target not found
Package Manager log level set to [2]
[Package Manager] Server::EnsureServerProcessIsRunning -- launch failed, reason: Unity was launched with the -noUpm command-line argument
[Package Manager] UpmClient::Send -- Unable to send message (not connected to UPM process).
[Package Manager] Cannot connect to Unity Package Manager local server
[Package Manager] Server::EnsureServerProcessIsRunning -- launch failed, reason: Unity was launched with the -noUpm command-line argument
[Package Manager] UpmClient::Send -- Unable to send message (not connected to UPM process).
[Package Manager] Cannot connect to Unity Package Manager local server
Mono: successfully reloaded assembly
[Package Manager] Server::EnsureServerProcessIsRunning -- launch failed, reason: Unity was launched with the -noUpm command-line argument
[Package Manager] UpmClient::Send -- Unable to send message (not connected to UPM process).
[Package Manager] Cannot connect to Unity Package Manager local server
[Package Manager] Server::EnsureServerProcessIsRunning -- launch failed, reason: Unity was launched with the -noUpm command-line argument
[Package Manager] UpmClient::Send -- Unable to send message (not connected to UPM process).
[Package Manager] Cannot connect to Unity Package Manager local server
- Finished resetting the current domain, in  2.144 seconds
Domain Reload Profiling: 3180ms
	BeginReloadAssembly (290ms)
		ExecutionOrderSort (0ms)
		DisableScriptedObjects (6ms)
		BackupInstance (0ms)
		ReleaseScriptingObjects (0ms)
		CreateAndSetChildDomain (120ms)
	RebuildCommonClasses (58ms)
	RebuildNativeTypeToScriptingClass (20ms)
	initialDomainReloadingComplete (64ms)
	LoadAllAssembliesAndSetupDomain (604ms)
		LoadAssemblies (580ms)
		RebuildTransferFunctionScriptingTraits (0ms)
		AnalyzeDomain (143ms)
			TypeCache.Refresh (72ms)
				TypeCache.ScanAssembly (55ms)
			ScanForSourceGeneratedMonoScriptInfo (36ms)
			ResolveRequiredComponents (35ms)
	FinalizeReload (2144ms)
		ReleaseScriptCaches (0ms)
		RebuildScriptCaches (0ms)
		SetupLoadedEditorAssemblies (795ms)
			LogAssemblyErrors (0ms)
			InitializePlatformSupportModulesInManaged (44ms)
			SetLoadedEditorAssemblies (5ms)
			RefreshPlugins (0ms)
			BeforeProcessingInitializeOnLoad (146ms)
			ProcessInitializeOnLoadAttributes (500ms)
			ProcessInitializeOnLoadMethodAttributes (90ms)
			AfterProcessingInitializeOnLoad (10ms)
			EditorAssembliesLoaded (0ms)
		ExecutionOrderSort2 (0ms)
		AwakeInstancesAfterBackupRestoration (19ms)
Shader 'Oculus/OVRMRCameraFrameLit': fallback shader 'Alpha-Diffuse' not found
Refreshing native plugins compatible for Editor in 31.05 ms, found 36 plugins.
Preloading 2 native plugins for Editor in 0.13 ms.
Unloading 7576 Unused Serialized files (Serialized files now loaded: 0)
Unloading 131 unused Assets / (0.5 MB). Loaded Objects now: 8237.
Memory consumption went from 254.8 MB to 254.3 MB.
Total: 8.184200 ms (FindLiveObjects: 0.817500 ms CreateObjectMapping: 0.634100 ms MarkObjects: 6.089700 ms  DeleteObjects: 0.641000 ms)

Prepare: number of updated asset objects reloaded= 0
AssetImportParameters requested are different than current active one (requested -> active):
  custom:container-demuxer-ogg: 62fdf1f143b41e24485cea50d1cbac27 -> 
  custom:framework-win-MediaFoundation: 216162199b28c13a410421893ffa2e32 -> 
  custom:container-muxer-webm: aa71ff27fc2769a1b78a27578f13a17b -> 
  custom:video-decoder-webm-vp8: 9c59270c3fd7afecdb556c50c9e8de78 -> 
  custom:SearchIndexIgnoredProperties: e643bd26f0fe6173181afceb89e7c659 -> 
  custom:AudioImporter_EditorPlatform: d09bf68614088b80899f8185d706f6e7 -> 
  custom:audio-decoder-ogg-vorbis: bf7c407c2cedff20999df2af8eb42d56 -> 
  custom:audio-encoder-webm-vorbis: bf7c407c2cedff20999df2af8eb42d56 -> 
  custom:video-decoder-ogg-theora: a1e56fd34408186e4bbccfd4996cb3dc -> 
  custom:CustomObjectIndexerAttribute: a3ef5dd2817f97addfee359851a9dba5 -> 
  custom:container-demuxer-webm: 4f35f7cbe854078d1ac9338744f61a02 -> 
  custom:video-encoder-webm-vp8: eb34c28f22e8b96e1ab97ce403110664 -> 
========================================================================
Received Prepare
Begin MonoManager ReloadAssembly
- Loaded All Assemblies, in  0.930 seconds
Refreshing native plugins compatible for Editor in 35.04 ms, found 37 plugins.
Native extension for WindowsStandalone target not found
Native extension for Android target not found
Native extension for OSXStandalone target not found
Native extension for WebGL target not found
[Package Manager] Server::EnsureServerProcessIsRunning -- launch failed, reason: Unity was launched with the -noUpm command-line argument
[Package Manager] UpmClient::Send -- Unable to send message (not connected to UPM process).
[Package Manager] Cannot connect to Unity Package Manager local server
[Package Manager] Server::EnsureServerProcessIsRunning -- launch failed, reason: Unity was launched with the -noUpm command-line argument
[Package Manager] UpmClient::Send -- Unable to send message (not connected to UPM process).
[Package Manager] Cannot connect to Unity Package Manager local server
[XR] OculusXRPlugin: registering subsystems
[XR] Unable to register display lifecyle provider: [1]
[XR] Oculus Input lifecycle provider registered.
[XR] Unable to register input lifecyle provider: [1]
[XR] OVRP version 1.89.1
Mono: successfully reloaded assembly
[Package Manager] Server::EnsureServerProcessIsRunning -- launch failed, reason: Unity was launched with the -noUpm command-line argument
[Package Manager] UpmClient::Send -- Unable to send message (not connected to UPM process).
[Package Manager] Cannot connect to Unity Package Manager local server
- Finished resetting the current domain, in  2.237 seconds
Domain Reload Profiling: 3159ms
	BeginReloadAssembly (263ms)
		ExecutionOrderSort (0ms)
		DisableScriptedObjects (8ms)
		BackupInstance (0ms)
		ReleaseScriptingObjects (0ms)
		CreateAndSetChildDomain (72ms)
	RebuildCommonClasses (47ms)
	RebuildNativeTypeToScriptingClass (16ms)
	initialDomainReloadingComplete (42ms)
	LoadAllAssembliesAndSetupDomain (554ms)
		LoadAssemblies (544ms)
		RebuildTransferFunctionScriptingTraits (0ms)
		AnalyzeDomain (146ms)
			TypeCache.Refresh (65ms)
				TypeCache.ScanAssembly (48ms)
			ScanForSourceGeneratedMonoScriptInfo (47ms)
			ResolveRequiredComponents (33ms)
	FinalizeReload (2237ms)
		ReleaseScriptCaches (0ms)
		RebuildScriptCaches (0ms)
		SetupLoadedEditorAssemblies (815ms)
			LogAssemblyErrors (0ms)
			InitializePlatformSupportModulesInManaged (46ms)
			SetLoadedEditorAssemblies (7ms)
			RefreshPlugins (0ms)
			BeforeProcessingInitializeOnLoad (159ms)
			ProcessInitializeOnLoadAttributes (486ms)
			ProcessInitializeOnLoadMethodAttributes (106ms)
			AfterProcessingInitializeOnLoad (11ms)
			EditorAssembliesLoaded (0ms)
		ExecutionOrderSort2 (0ms)
		AwakeInstancesAfterBackupRestoration (20ms)
Shader 'Oculus/OVRMRCameraFrameLit': fallback shader 'Alpha-Diffuse' not found
Refreshing native plugins compatible for Editor in 32.26 ms, found 37 plugins.
Preloading 2 native plugins for Editor in 0.13 ms.
Unloading 7632 Unused Serialized files (Serialized files now loaded: 0)
Unloading 161 unused Assets / (0.5 MB). Loaded Objects now: 8269.
Memory consumption went from 256.4 MB to 255.9 MB.
Total: 7.483300 ms (FindLiveObjects: 0.751400 ms CreateObjectMapping: 0.541500 ms MarkObjects: 5.701000 ms  DeleteObjects: 0.487600 ms)

Prepare: number of updated asset objects reloaded= 0
AssetImportParameters requested are different than current active one (requested -> active):
  custom:container-demuxer-ogg: 62fdf1f143b41e24485cea50d1cbac27 -> 
  custom:framework-win-MediaFoundation: 216162199b28c13a410421893ffa2e32 -> 
  custom:container-muxer-webm: aa71ff27fc2769a1b78a27578f13a17b -> 
  custom:video-decoder-webm-vp8: 9c59270c3fd7afecdb556c50c9e8de78 -> 
  custom:SearchIndexIgnoredProperties: e643bd26f0fe6173181afceb89e7c659 -> 
  custom:AudioImporter_EditorPlatform: d09bf68614088b80899f8185d706f6e7 -> 
  custom:audio-decoder-ogg-vorbis: bf7c407c2cedff20999df2af8eb42d56 -> 
  custom:audio-encoder-webm-vorbis: bf7c407c2cedff20999df2af8eb42d56 -> 
  custom:video-decoder-ogg-theora: a1e56fd34408186e4bbccfd4996cb3dc -> 
  custom:CustomObjectIndexerAttribute: a3ef5dd2817f97addfee359851a9dba5 -> 
  custom:container-demuxer-webm: 4f35f7cbe854078d1ac9338744f61a02 -> 
  custom:video-encoder-webm-vp8: eb34c28f22e8b96e1ab97ce403110664 -> 
Editor requested this worker to shutdown with reason: Scaling down because of idle timeout
TcpMessagingSession - receive error: operation aborted. errorcode: 995, details: La operacin de E/S se anul por una salida de subproceso o por una solicitud de aplicacin.
AssetImportWorker is now disconnected from the server
Process exiting
Exiting without the bug reporter. Application will terminate with return code 0