Using pre-set license
Built from '2022.3/staging' branch; Version is '2022.3.10f1 (ff3792e53c62) revision 16725906'; Using compiler version '192829333'; Build Type 'Release'
OS: 'Windows 10  (10.0.19045) 64bit CoreSingleLanguage' Language: 'es' Physical Memory: 15693 MB
BatchMode: 1, IsHumanControllingUs: 0, StartBugReporterOnCrash: 0, Is64bit: 1, IsPro: 1

COMMAND LINE ARGUMENTS:
C:\Program Files\Unity\Hub\Editor\2022.3.10f1\Editor\Unity.exe
-adb2
-batchMode
-noUpm
-name
AssetImportWorker2
-projectPath
C:/Users/User/Desktop/HEIDY/Aprendiendo Unyti/Metaverso
-logFile
Logs/AssetImportWorker2.log
-srvPort
54072
Successfully changed project path to: C:/Users/User/Desktop/HEIDY/Aprendiendo Unyti/Metaverso
C:/Users/User/Desktop/HEIDY/Aprendiendo Unyti/Metaverso
[UnityMemory] Configuration Parameters - Can be set up in boot.config
    "memorysetup-bucket-allocator-granularity=16"
    "memorysetup-bucket-allocator-bucket-count=8"
    "memorysetup-bucket-allocator-block-size=33554432"
    "memorysetup-bucket-allocator-block-count=8"
    "memorysetup-main-allocator-block-size=16777216"
    "memorysetup-thread-allocator-block-size=16777216"
    "memorysetup-gfx-main-allocator-block-size=16777216"
    "memorysetup-gfx-thread-allocator-block-size=16777216"
    "memorysetup-cache-allocator-block-size=4194304"
    "memorysetup-typetree-allocator-block-size=2097152"
    "memorysetup-profiler-bucket-allocator-granularity=16"
    "memorysetup-profiler-bucket-allocator-bucket-count=8"
    "memorysetup-profiler-bucket-allocator-block-size=33554432"
    "memorysetup-profiler-bucket-allocator-block-count=8"
    "memorysetup-profiler-allocator-block-size=16777216"
    "memorysetup-profiler-editor-allocator-block-size=1048576"
    "memorysetup-temp-allocator-size-main=16777216"
    "memorysetup-job-temp-allocator-block-size=2097152"
    "memorysetup-job-temp-allocator-block-size-background=1048576"
    "memorysetup-job-temp-allocator-reduction-small-platforms=262144"
    "memorysetup-allocator-temp-initial-block-size-main=262144"
    "memorysetup-allocator-temp-initial-block-size-worker=262144"
    "memorysetup-temp-allocator-size-background-worker=32768"
    "memorysetup-temp-allocator-size-job-worker=262144"
    "memorysetup-temp-allocator-size-preload-manager=33554432"
    "memorysetup-temp-allocator-size-nav-mesh-worker=65536"
    "memorysetup-temp-allocator-size-audio-worker=65536"
    "memorysetup-temp-allocator-size-cloud-worker=32768"
    "memorysetup-temp-allocator-size-gi-baking-worker=262144"
    "memorysetup-temp-allocator-size-gfx=262144"
Player connection [14784] Host "[IP] 192.168.10.67 [Port] 0 [Flags] 2 [Guid] 3087310445 [EditorId] 3087310445 [Version] 1048832 [Id] WindowsEditor(7,DESKTOP-4VU4C9L) [Debug] 1 [PackageName] WindowsEditor [ProjectName] Editor" joined multi-casting on [225.0.0.222:54997]...

Player connection [14784] Host "[IP] 192.168.10.67 [Port] 0 [Flags] 2 [Guid] 3087310445 [EditorId] 3087310445 [Version] 1048832 [Id] WindowsEditor(7,DESKTOP-4VU4C9L) [Debug] 1 [PackageName] WindowsEditor [ProjectName] Editor" joined alternative multi-casting on [225.0.0.222:34997]...

[Physics::Module] Initialized MultithreadedJobDispatcher with 15 workers.
Refreshing native plugins compatible for Editor in 74.86 ms, found 36 plugins.
Preloading 2 native plugins for Editor in 4.43 ms.
Initialize engine version: 2022.3.10f1 (ff3792e53c62)
[Subsystems] Discovering subsystems at path C:/Program Files/Unity/Hub/Editor/2022.3.10f1/Editor/Data/Resources/UnitySubsystems
[Subsystems] Discovering subsystems at path C:/Users/User/Desktop/HEIDY/Aprendiendo Unyti/Metaverso/Assets
GfxDevice: creating device client; threaded=0; jobified=0
Direct3D:
    Version:  Direct3D 11.0 [level 11.1]
    Renderer: AMD Radeon(TM) Graphics (ID=0x164c)
    Vendor:   ATI
    VRAM:     7846 MB
    Driver:   27.20.14032.8
Shader 'Oculus/OVRMRCameraFrameLit': fallback shader 'Alpha-Diffuse' not found
Initialize mono
Mono path[0] = 'C:/Program Files/Unity/Hub/Editor/2022.3.10f1/Editor/Data/Managed'
Mono path[1] = 'C:/Program Files/Unity/Hub/Editor/2022.3.10f1/Editor/Data/MonoBleedingEdge/lib/mono/unityjit-win32'
Mono config path = 'C:/Program Files/Unity/Hub/Editor/2022.3.10f1/Editor/Data/MonoBleedingEdge/etc'
Using monoOptions --debugger-agent=transport=dt_socket,embedding=1,server=y,suspend=n,address=127.0.0.1:56484
Begin MonoManager ReloadAssembly
Registering precompiled unity dll's ...
Register platform support module: C:/Program Files/Unity/Hub/Editor/2022.3.10f1/Editor/Data/PlaybackEngines/WebGLSupport/UnityEditor.WebGL.Extensions.dll
Register platform support module: C:/Program Files/Unity/Hub/Editor/2022.3.10f1/Editor/Data/PlaybackEngines/MacStandaloneSupport/UnityEditor.OSXStandalone.Extensions.dll
Register platform support module: C:/Program Files/Unity/Hub/Editor/2022.3.10f1/Editor/Data/PlaybackEngines/AndroidPlayer/UnityEditor.Android.Extensions.dll
Register platform support module: C:/Program Files/Unity/Hub/Editor/2022.3.10f1/Editor/Data/PlaybackEngines/WindowsStandaloneSupport/UnityEditor.WindowsStandalone.Extensions.dll
Registered in 0.024804 seconds.
- Loaded All Assemblies, in  0.581 seconds
Native extension for WindowsStandalone target not found
Native extension for Android target not found
Android Extension - Scanning For ADB Devices 510 ms
Native extension for OSXStandalone target not found
Native extension for WebGL target not found
Mono: successfully reloaded assembly
- Finished resetting the current domain, in  1.173 seconds
Domain Reload Profiling: 1752ms
	BeginReloadAssembly (171ms)
		ExecutionOrderSort (0ms)
		DisableScriptedObjects (0ms)
		BackupInstance (0ms)
		ReleaseScriptingObjects (0ms)
		CreateAndSetChildDomain (1ms)
	RebuildCommonClasses (52ms)
	RebuildNativeTypeToScriptingClass (17ms)
	initialDomainReloadingComplete (105ms)
	LoadAllAssembliesAndSetupDomain (232ms)
		LoadAssemblies (169ms)
		RebuildTransferFunctionScriptingTraits (0ms)
		AnalyzeDomain (228ms)
			TypeCache.Refresh (226ms)
				TypeCache.ScanAssembly (205ms)
			ScanForSourceGeneratedMonoScriptInfo (1ms)
			ResolveRequiredComponents (1ms)
	FinalizeReload (1174ms)
		ReleaseScriptCaches (0ms)
		RebuildScriptCaches (0ms)
		SetupLoadedEditorAssemblies (1077ms)
			LogAssemblyErrors (0ms)
			InitializePlatformSupportModulesInManaged (713ms)
			SetLoadedEditorAssemblies (15ms)
			RefreshPlugins (0ms)
			BeforeProcessingInitializeOnLoad (6ms)
			ProcessInitializeOnLoadAttributes (247ms)
			ProcessInitializeOnLoadMethodAttributes (95ms)
			AfterProcessingInitializeOnLoad (0ms)
			EditorAssembliesLoaded (0ms)
		ExecutionOrderSort2 (0ms)
		AwakeInstancesAfterBackupRestoration (0ms)
========================================================================
Worker process is ready to serve import requests
Begin MonoManager ReloadAssembly
- Loaded All Assemblies, in  1.811 seconds
Refreshing native plugins compatible for Editor in 47.16 ms, found 36 plugins.
Native extension for WindowsStandalone target not found
Native extension for Android target not found
Native extension for OSXStandalone target not found
Native extension for WebGL target not found
Mono: successfully reloaded assembly
- Finished resetting the current domain, in  1.938 seconds
Domain Reload Profiling: 3743ms
	BeginReloadAssembly (315ms)
		ExecutionOrderSort (0ms)
		DisableScriptedObjects (10ms)
		BackupInstance (0ms)
		ReleaseScriptingObjects (0ms)
		CreateAndSetChildDomain (43ms)
	RebuildCommonClasses (97ms)
	RebuildNativeTypeToScriptingClass (25ms)
	initialDomainReloadingComplete (86ms)
	LoadAllAssembliesAndSetupDomain (1280ms)
		LoadAssemblies (818ms)
		RebuildTransferFunctionScriptingTraits (0ms)
		AnalyzeDomain (657ms)
			TypeCache.Refresh (522ms)
				TypeCache.ScanAssembly (481ms)
			ScanForSourceGeneratedMonoScriptInfo (88ms)
			ResolveRequiredComponents (44ms)
	FinalizeReload (1940ms)
		ReleaseScriptCaches (0ms)
		RebuildScriptCaches (0ms)
		SetupLoadedEditorAssemblies (1420ms)
			LogAssemblyErrors (0ms)
			InitializePlatformSupportModulesInManaged (81ms)
			SetLoadedEditorAssemblies (16ms)
			RefreshPlugins (0ms)
			BeforeProcessingInitializeOnLoad (254ms)
			ProcessInitializeOnLoadAttributes (860ms)
			ProcessInitializeOnLoadMethodAttributes (195ms)
			AfterProcessingInitializeOnLoad (14ms)
			EditorAssembliesLoaded (0ms)
		ExecutionOrderSort2 (0ms)
		AwakeInstancesAfterBackupRestoration (11ms)
Shader 'Oculus/OVRMRCameraFrameLit': fallback shader 'Alpha-Diffuse' not found
Launched and connected shader compiler UnityShaderCompiler.exe after 0.08 seconds
Refreshing native plugins compatible for Editor in 48.61 ms, found 36 plugins.
Preloading 2 native plugins for Editor in 0.15 ms.
Unloading 7646 Unused Serialized files (Serialized files now loaded: 0)
Unloading 167 unused Assets / (0.5 MB). Loaded Objects now: 8024.
Memory consumption went from 304.7 MB to 304.2 MB.
Total: 9.714100 ms (FindLiveObjects: 1.376600 ms CreateObjectMapping: 1.416300 ms MarkObjects: 6.150700 ms  DeleteObjects: 0.768100 ms)

AssetImportParameters requested are different than current active one (requested -> active):
  custom:container-demuxer-ogg: 62fdf1f143b41e24485cea50d1cbac27 -> 
  custom:framework-win-MediaFoundation: 216162199b28c13a410421893ffa2e32 -> 
  custom:container-muxer-webm: aa71ff27fc2769a1b78a27578f13a17b -> 
  custom:video-decoder-webm-vp8: 9c59270c3fd7afecdb556c50c9e8de78 -> 
  custom:SearchIndexIgnoredProperties: e643bd26f0fe6173181afceb89e7c659 -> 
  custom:AudioImporter_EditorPlatform: d09bf68614088b80899f8185d706f6e7 -> 
  custom:audio-decoder-ogg-vorbis: bf7c407c2cedff20999df2af8eb42d56 -> 
  custom:audio-encoder-webm-vorbis: bf7c407c2cedff20999df2af8eb42d56 -> 
  custom:video-decoder-ogg-theora: a1e56fd34408186e4bbccfd4996cb3dc -> 
  custom:CustomObjectIndexerAttribute: a3ef5dd2817f97addfee359851a9dba5 -> 
  custom:container-demuxer-webm: 4f35f7cbe854078d1ac9338744f61a02 -> 
  custom:video-encoder-webm-vp8: eb34c28f22e8b96e1ab97ce403110664 -> 
========================================================================
Received Import Request.
  Time since last request: 18524.932235 seconds.
  path: Assets/UltimateXR/Editor/Avatar/UxrHandIntegrationEditor.cs
  artifactKey: Guid(39a38dfa3b85bb9429b657870ef60ce6) Importer(2089858483,0ecaa5967403d082aa24f35e1b516d23)
Start importing Assets/UltimateXR/Editor/Avatar/UxrHandIntegrationEditor.cs using Guid(39a38dfa3b85bb9429b657870ef60ce6) Importer(2089858483,0ecaa5967403d082aa24f35e1b516d23) Generated GUIDs only implemented for interfaces!
 -> (artifact id: '54aac85ab551b6ca8f48747fd607adb2') in 0.433022 seconds
Number of updated asset objects reloaded before import = 0
Number of asset objects unloaded after import = 1
========================================================================
Received Import Request.
  Time since last request: 0.000037 seconds.
  path: Assets/Oculus/VR/Scripts/OVRDisplay.cs
  artifactKey: Guid(bb365ebe8e821fc4e81e9dca9d704357) Importer(2089858483,0ecaa5967403d082aa24f35e1b516d23)
Start importing Assets/Oculus/VR/Scripts/OVRDisplay.cs using Guid(bb365ebe8e821fc4e81e9dca9d704357) Importer(2089858483,0ecaa5967403d082aa24f35e1b516d23) Generated GUIDs only implemented for interfaces!
 -> (artifact id: '554e8ab920aff5a3edd1a765a62a25d2') in 0.028180 seconds
Number of updated asset objects reloaded before import = 0
Number of asset objects unloaded after import = 1
========================================================================
Received Import Request.
  Time since last request: 0.000023 seconds.
  path: Assets/UltimateXR/Art/Gazing/DotTex.png
  artifactKey: Guid(615ded8d54cf15c4aad5c7d314240cab) Importer(2089858483,0ecaa5967403d082aa24f35e1b516d23)
Start importing Assets/UltimateXR/Art/Gazing/DotTex.png using Guid(615ded8d54cf15c4aad5c7d314240cab) Importer(2089858483,0ecaa5967403d082aa24f35e1b516d23) Generated GUIDs only implemented for interfaces!
 -> (artifact id: 'b855fecfed254c49fe64c966cddf7c46') in 0.123675 seconds
Number of updated asset objects reloaded before import = 0
Number of asset objects unloaded after import = 1
========================================================================
Received Import Request.
  Time since last request: 0.000038 seconds.
  path: Assets/Oculus/VR/Scenes/ControllerModels.unity
  artifactKey: Guid(39cfe7aa0a2d46c47994d8d0308ec663) Importer(2089858483,0ecaa5967403d082aa24f35e1b516d23)
Start importing Assets/Oculus/VR/Scenes/ControllerModels.unity using Guid(39cfe7aa0a2d46c47994d8d0308ec663) Importer(2089858483,0ecaa5967403d082aa24f35e1b516d23) Generated GUIDs only implemented for interfaces!
 -> (artifact id: '1f96c974ce19d5c938a550eeef5be6ca') in 0.026239 seconds
Number of updated asset objects reloaded before import = 0
Number of asset objects unloaded after import = 1
========================================================================
Received Import Request.
  Time since last request: 0.000034 seconds.
  path: Assets/Oculus/VR/Scripts/OVRGLTFLoader.cs
  artifactKey: Guid(cc5cf61059125104eadec2fa160aa8d9) Importer(2089858483,0ecaa5967403d082aa24f35e1b516d23)
Start importing Assets/Oculus/VR/Scripts/OVRGLTFLoader.cs using Guid(cc5cf61059125104eadec2fa160aa8d9) Importer(2089858483,0ecaa5967403d082aa24f35e1b516d23) Generated GUIDs only implemented for interfaces!
 -> (artifact id: '712264a75d2ba66d63132e8570bb4318') in 0.024502 seconds
Number of updated asset objects reloaded before import = 0
Number of asset objects unloaded after import = 1
========================================================================
Received Import Request.
  Time since last request: 0.000039 seconds.
  path: Assets/Oculus/VR/Scripts/OVRHumanBodyBonesMappings.cs
  artifactKey: Guid(f2e3477ad4486b44f9ddd3073d05c8e5) Importer(2089858483,0ecaa5967403d082aa24f35e1b516d23)
Start importing Assets/Oculus/VR/Scripts/OVRHumanBodyBonesMappings.cs using Guid(f2e3477ad4486b44f9ddd3073d05c8e5) Importer(2089858483,0ecaa5967403d082aa24f35e1b516d23) Generated GUIDs only implemented for interfaces!
 -> (artifact id: '2664a09640f7745fc6bb9b37435c496d') in 0.024326 seconds
Number of updated asset objects reloaded before import = 0
Number of asset objects unloaded after import = 1
========================================================================
Received Import Request.
  Time since last request: 0.000025 seconds.
  path: Assets/Oculus/VR/Resources/OVRMRCameraFrame.shader
  artifactKey: Guid(2bd7618c3fa0e4b4ab8e08dc3fadc376) Importer(2089858483,0ecaa5967403d082aa24f35e1b516d23)
Start importing Assets/Oculus/VR/Resources/OVRMRCameraFrame.shader using Guid(2bd7618c3fa0e4b4ab8e08dc3fadc376) Importer(2089858483,0ecaa5967403d082aa24f35e1b516d23) Generated GUIDs only implemented for interfaces!
 -> (artifact id: '7a469ce46393d28a47a3b938c19d225c') in 0.032538 seconds
Number of updated asset objects reloaded before import = 0
Number of asset objects unloaded after import = 1
========================================================================
Received Import Request.
  Time since last request: 0.000031 seconds.
  path: Assets/Oculus/VR/Scenes/Trivial.unity
  artifactKey: Guid(d8d21f2460d13554780e4af04a9e0d6e) Importer(2089858483,0ecaa5967403d082aa24f35e1b516d23)
Start importing Assets/Oculus/VR/Scenes/Trivial.unity using Guid(d8d21f2460d13554780e4af04a9e0d6e) Importer(2089858483,0ecaa5967403d082aa24f35e1b516d23) Generated GUIDs only implemented for interfaces!
 -> (artifact id: 'ab39e10c916ab8c358c1a7661bc49f38') in 0.022994 seconds
Number of updated asset objects reloaded before import = 0
Number of asset objects unloaded after import = 1
========================================================================
Received Import Request.
  Time since last request: 0.000027 seconds.
  path: Assets/TextMesh Pro/Resources/Fonts & Materials/LiberationSans SDF - Outline.mat
  artifactKey: Guid(79459efec17a4d00a321bdcc27bbc385) Importer(2089858483,0ecaa5967403d082aa24f35e1b516d23)
Start importing Assets/TextMesh Pro/Resources/Fonts & Materials/LiberationSans SDF - Outline.mat using Guid(79459efec17a4d00a321bdcc27bbc385) Importer(2089858483,0ecaa5967403d082aa24f35e1b516d23) Generated GUIDs only implemented for interfaces!
 -> (artifact id: '8de8ca9aa3adc446c4567861d6b535de') in 0.056171 seconds
Number of updated asset objects reloaded before import = 0
Number of asset objects unloaded after import = 2
========================================================================
Received Import Request.
  Time since last request: 0.000023 seconds.
  path: Assets/Oculus/VR/Shaders/OVRVignette.shader
  artifactKey: Guid(9d034fa3f535a1648b5059e6907c647d) Importer(2089858483,0ecaa5967403d082aa24f35e1b516d23)
Start importing Assets/Oculus/VR/Shaders/OVRVignette.shader using Guid(9d034fa3f535a1648b5059e6907c647d) Importer(2089858483,0ecaa5967403d082aa24f35e1b516d23) Generated GUIDs only implemented for interfaces!
 -> (artifact id: 'ca3c9f1a40d1399513d17edf874c8922') in 0.028470 seconds
Number of updated asset objects reloaded before import = 0
Number of asset objects unloaded after import = 1
========================================================================
Received Import Request.
  Time since last request: 0.000031 seconds.
  path: Assets/UltimateXR/Editor/Manipulation/UxrPreviewPoseRegeneration.cs
  artifactKey: Guid(19374d8eb2f741d78c68a35fe75e3549) Importer(2089858483,0ecaa5967403d082aa24f35e1b516d23)
Start importing Assets/UltimateXR/Editor/Manipulation/UxrPreviewPoseRegeneration.cs using Guid(19374d8eb2f741d78c68a35fe75e3549) Importer(2089858483,0ecaa5967403d082aa24f35e1b516d23) Generated GUIDs only implemented for interfaces!
 -> (artifact id: '2b4c8d4c9e3ac5efbd63231aa5b6f545') in 0.022252 seconds
Number of updated asset objects reloaded before import = 0
Number of asset objects unloaded after import = 1
========================================================================
Received Import Request.
  Time since last request: 0.000057 seconds.
  path: Assets/UltimateXR/Editor/Avatar/SmallHandGizmoLeft.prefab
  artifactKey: Guid(672e7f52fe868134a80bf396141fe261) Importer(2089858483,0ecaa5967403d082aa24f35e1b516d23)
Start importing Assets/UltimateXR/Editor/Avatar/SmallHandGizmoLeft.prefab using Guid(672e7f52fe868134a80bf396141fe261) Importer(2089858483,0ecaa5967403d082aa24f35e1b516d23) Generated GUIDs only implemented for interfaces!
 -> (artifact id: 'dacb6af18ec2f8b7cd8b1401eee76a6f') in 0.047813 seconds
Number of updated asset objects reloaded before import = 0
Number of asset objects unloaded after import = 64
========================================================================
Received Import Request.
  Time since last request: 0.000034 seconds.
  path: Assets/Oculus/VR/Scripts/OVRControllerDrivenHandPosesSample.cs
  artifactKey: Guid(cbda8bf3da21c8c439de0e9e7422103d) Importer(2089858483,0ecaa5967403d082aa24f35e1b516d23)
Start importing Assets/Oculus/VR/Scripts/OVRControllerDrivenHandPosesSample.cs using Guid(cbda8bf3da21c8c439de0e9e7422103d) Importer(2089858483,0ecaa5967403d082aa24f35e1b516d23) Generated GUIDs only implemented for interfaces!
 -> (artifact id: 'b9f3c97851f405f993221d5eba871813') in 0.021732 seconds
Number of updated asset objects reloaded before import = 0
Number of asset objects unloaded after import = 1
========================================================================
Received Import Request.
  Time since last request: 0.000032 seconds.
  path: Assets/Oculus/VR/Scripts/OVRKtxTexture.cs
  artifactKey: Guid(23eec80b7bf73ba41a46466912cd6bb9) Importer(2089858483,0ecaa5967403d082aa24f35e1b516d23)
Start importing Assets/Oculus/VR/Scripts/OVRKtxTexture.cs using Guid(23eec80b7bf73ba41a46466912cd6bb9) Importer(2089858483,0ecaa5967403d082aa24f35e1b516d23) Generated GUIDs only implemented for interfaces!
 -> (artifact id: '1dc72fa9a58bc0388748dc8b43cc4cce') in 0.027639 seconds
Number of updated asset objects reloaded before import = 0
Number of asset objects unloaded after import = 1
========================================================================
Received Import Request.
  Time since last request: 0.000033 seconds.
  path: Assets/UltimateXR/Editor/Avatar/UxrHandIntegrationEditor.RenderPipeline.cs
  artifactKey: Guid(ffadeb7d00884d79bc722da4e20739aa) Importer(2089858483,0ecaa5967403d082aa24f35e1b516d23)
Start importing Assets/UltimateXR/Editor/Avatar/UxrHandIntegrationEditor.RenderPipeline.cs using Guid(ffadeb7d00884d79bc722da4e20739aa) Importer(2089858483,0ecaa5967403d082aa24f35e1b516d23) Generated GUIDs only implemented for interfaces!
 -> (artifact id: '61049fba1fcfaff3adacd325185f85ac') in 0.024538 seconds
Number of updated asset objects reloaded before import = 0
Number of asset objects unloaded after import = 1
========================================================================
Received Import Request.
  Time since last request: 0.000031 seconds.
  path: Assets/Oculus/VR/Scenes/HandTest.unity
  artifactKey: Guid(b9a31e08066d6e343a208d34ec298f09) Importer(2089858483,0ecaa5967403d082aa24f35e1b516d23)
Start importing Assets/Oculus/VR/Scenes/HandTest.unity using Guid(b9a31e08066d6e343a208d34ec298f09) Importer(2089858483,0ecaa5967403d082aa24f35e1b516d23) Generated GUIDs only implemented for interfaces!
 -> (artifact id: '7e1ff14803b9234399f4cf82bf07846b') in 0.024087 seconds
Number of updated asset objects reloaded before import = 0
Number of asset objects unloaded after import = 1
========================================================================
Received Import Request.
  Time since last request: 0.000031 seconds.
  path: Assets/Oculus/VR/Scripts/OVRResources.cs
  artifactKey: Guid(17584d04fbb571344a3aa2b6593287c1) Importer(2089858483,0ecaa5967403d082aa24f35e1b516d23)
Start importing Assets/Oculus/VR/Scripts/OVRResources.cs using Guid(17584d04fbb571344a3aa2b6593287c1) Importer(2089858483,0ecaa5967403d082aa24f35e1b516d23) Generated GUIDs only implemented for interfaces!
 -> (artifact id: '812d817bfb7267be09a5b7968293a23c') in 0.025009 seconds
Number of updated asset objects reloaded before import = 0
Number of asset objects unloaded after import = 1
========================================================================
Received Import Request.
  Time since last request: 0.000059 seconds.
  path: Assets/UltimateXR/Editor/Readme/ReadmeHeader.png
  artifactKey: Guid(75b8aad0da34cc74c886a68bfc14dd12) Importer(2089858483,0ecaa5967403d082aa24f35e1b516d23)
Start importing Assets/UltimateXR/Editor/Readme/ReadmeHeader.png using Guid(75b8aad0da34cc74c886a68bfc14dd12) Importer(2089858483,0ecaa5967403d082aa24f35e1b516d23) Generated GUIDs only implemented for interfaces!
 -> (artifact id: 'dad040f7a3fdf70e6a44594d011f8727') in 0.086777 seconds
Number of updated asset objects reloaded before import = 0
Number of asset objects unloaded after import = 3
========================================================================
Received Import Request.
  Time since last request: 0.000041 seconds.
  path: Assets/UltimateXR/Editor/Devices/UxrControllerInputEditor.cs
  artifactKey: Guid(ccf00dd74a1ea074080a3bcf7567fab0) Importer(2089858483,0ecaa5967403d082aa24f35e1b516d23)
Start importing Assets/UltimateXR/Editor/Devices/UxrControllerInputEditor.cs using Guid(ccf00dd74a1ea074080a3bcf7567fab0) Importer(2089858483,0ecaa5967403d082aa24f35e1b516d23) Generated GUIDs only implemented for interfaces!
 -> (artifact id: '127ff15bc3b6a37378fb257b39b97106') in 0.034669 seconds
Number of updated asset objects reloaded before import = 0
Number of asset objects unloaded after import = 1
========================================================================
Received Import Request.
  Time since last request: 0.000032 seconds.
  path: Assets/UltimateXR/Editor/Avatar/SmallHandGizmoRight.prefab
  artifactKey: Guid(0a1c1014903295a408b755f1fed2863e) Importer(2089858483,0ecaa5967403d082aa24f35e1b516d23)
Start importing Assets/UltimateXR/Editor/Avatar/SmallHandGizmoRight.prefab using Guid(0a1c1014903295a408b755f1fed2863e) Importer(2089858483,0ecaa5967403d082aa24f35e1b516d23) Generated GUIDs only implemented for interfaces!
 -> (artifact id: '3e114fc97b6a434122d1a21be67c8370') in 0.055484 seconds
Number of updated asset objects reloaded before import = 0
Number of asset objects unloaded after import = 64
========================================================================
Received Import Request.
  Time since last request: 0.000036 seconds.
  path: Assets/UltimateXR/Audio/Keyboard/KeyPressAudio.wav
  artifactKey: Guid(38a5b78ee824de64abf8e053a03a6c10) Importer(2089858483,0ecaa5967403d082aa24f35e1b516d23)
Start importing Assets/UltimateXR/Audio/Keyboard/KeyPressAudio.wav using Guid(38a5b78ee824de64abf8e053a03a6c10) Importer(2089858483,0ecaa5967403d082aa24f35e1b516d23) Generated GUIDs only implemented for interfaces!
 -> (artifact id: '1ed7f167277392cb44678d4a5f580896') in 0.094274 seconds
Number of updated asset objects reloaded before import = 0
Number of asset objects unloaded after import = 1
========================================================================
Received Import Request.
  Time since last request: 0.000037 seconds.
  path: Assets/Oculus/VR/Scripts/ProcessPort.cs
  artifactKey: Guid(17dd7e783188e83429006afe222c8d1f) Importer(2089858483,0ecaa5967403d082aa24f35e1b516d23)
Start importing Assets/Oculus/VR/Scripts/ProcessPort.cs using Guid(17dd7e783188e83429006afe222c8d1f) Importer(2089858483,0ecaa5967403d082aa24f35e1b516d23) Generated GUIDs only implemented for interfaces!
 -> (artifact id: 'd539061241693eb5c2cfdd0d402840ca') in 0.024136 seconds
Number of updated asset objects reloaded before import = 0
Number of asset objects unloaded after import = 1
========================================================================
Received Import Request.
  Time since last request: 0.000072 seconds.
  path: Assets/Oculus/VR/Scripts/OVRCommon.cs
  artifactKey: Guid(176f8d665b1d78048b1e87956698df6b) Importer(2089858483,0ecaa5967403d082aa24f35e1b516d23)
Start importing Assets/Oculus/VR/Scripts/OVRCommon.cs using Guid(176f8d665b1d78048b1e87956698df6b) Importer(2089858483,0ecaa5967403d082aa24f35e1b516d23) Generated GUIDs only implemented for interfaces!
 -> (artifact id: 'a1919ced5b989101780e58e4a7a0470a') in 0.019807 seconds
Number of updated asset objects reloaded before import = 0
Number of asset objects unloaded after import = 1
========================================================================
Received Import Request.
  Time since last request: 0.000026 seconds.
  path: Assets/Oculus/VR/Resources/OVRMRUnlitTransparent.shader
  artifactKey: Guid(38ad33c152e32ee46a9bbbb0e656f7e1) Importer(2089858483,0ecaa5967403d082aa24f35e1b516d23)
Start importing Assets/Oculus/VR/Resources/OVRMRUnlitTransparent.shader using Guid(38ad33c152e32ee46a9bbbb0e656f7e1) Importer(2089858483,0ecaa5967403d082aa24f35e1b516d23) Generated GUIDs only implemented for interfaces!
 -> (artifact id: '2a7f070967838b3bac7de24e1701f89e') in 0.024820 seconds
Number of updated asset objects reloaded before import = 0
Number of asset objects unloaded after import = 1
========================================================================
Received Import Request.
  Time since last request: 0.000029 seconds.
  path: Assets/UltimateXR/Editor/Readme/UxrReadme.Credit.cs
  artifactKey: Guid(2c1e53e9336940f7ac7a3f8432668c4b) Importer(2089858483,0ecaa5967403d082aa24f35e1b516d23)
Start importing Assets/UltimateXR/Editor/Readme/UxrReadme.Credit.cs using Guid(2c1e53e9336940f7ac7a3f8432668c4b) Importer(2089858483,0ecaa5967403d082aa24f35e1b516d23) Generated GUIDs only implemented for interfaces!
 -> (artifact id: '76a0e972badc5840b6d118f66a4c509f') in 0.024867 seconds
Number of updated asset objects reloaded before import = 0
Number of asset objects unloaded after import = 1
========================================================================
Received Import Request.
  Time since last request: 0.000061 seconds.
  path: Assets/UltimateXR/Editor/Manipulation/UxrGrabPointIndexDrawer.cs
  artifactKey: Guid(a23cf41b523ed8242a70fc31c17f5af2) Importer(2089858483,0ecaa5967403d082aa24f35e1b516d23)
Start importing Assets/UltimateXR/Editor/Manipulation/UxrGrabPointIndexDrawer.cs using Guid(a23cf41b523ed8242a70fc31c17f5af2) Importer(2089858483,0ecaa5967403d082aa24f35e1b516d23) Generated GUIDs only implemented for interfaces!
 -> (artifact id: '5f14321c378ef03ee075237e65d7a50c') in 0.029663 seconds
Number of updated asset objects reloaded before import = 0
Number of asset objects unloaded after import = 1
========================================================================
Received Import Request.
  Time since last request: 0.000031 seconds.
  path: Assets/Oculus/VR/ThirdParty/SimpleJSON.cs
  artifactKey: Guid(0139b31452e91b94787e54aa18f7b7f0) Importer(2089858483,0ecaa5967403d082aa24f35e1b516d23)
Start importing Assets/Oculus/VR/ThirdParty/SimpleJSON.cs using Guid(0139b31452e91b94787e54aa18f7b7f0) Importer(2089858483,0ecaa5967403d082aa24f35e1b516d23) Generated GUIDs only implemented for interfaces!
 -> (artifact id: '1470569a6af20d741a5d8482c04b920c') in 0.031475 seconds
Number of updated asset objects reloaded before import = 0
Number of asset objects unloaded after import = 1
========================================================================
Received Import Request.
  Time since last request: 0.000045 seconds.
  path: Assets/Oculus/VR/Scripts/OVRSpace.cs
  artifactKey: Guid(f0a035a1179b5854ea99bbedbcca3231) Importer(2089858483,0ecaa5967403d082aa24f35e1b516d23)
Start importing Assets/Oculus/VR/Scripts/OVRSpace.cs using Guid(f0a035a1179b5854ea99bbedbcca3231) Importer(2089858483,0ecaa5967403d082aa24f35e1b516d23) Generated GUIDs only implemented for interfaces!
 -> (artifact id: 'ad4768131b291d6b11e59c875c376b27') in 0.024092 seconds
Number of updated asset objects reloaded before import = 0
Number of asset objects unloaded after import = 1
========================================================================
Received Import Request.
  Time since last request: 0.000054 seconds.
  path: Assets/UltimateXR/Audio/Haptic/HapticShot01.wav
  artifactKey: Guid(c4ac56ce8f11c5d4aaba6f4a0a729ea0) Importer(2089858483,0ecaa5967403d082aa24f35e1b516d23)
Start importing Assets/UltimateXR/Audio/Haptic/HapticShot01.wav using Guid(c4ac56ce8f11c5d4aaba6f4a0a729ea0) Importer(2089858483,0ecaa5967403d082aa24f35e1b516d23) Generated GUIDs only implemented for interfaces!
 -> (artifact id: '4e6cf17b299b65263d964fc3bb7249cf') in 0.079366 seconds
Number of updated asset objects reloaded before import = 0
Number of asset objects unloaded after import = 1
========================================================================
Received Import Request.
  Time since last request: 0.473852 seconds.
  path: Assets/UltimateXR/Editor/Readme/UxrReadme.cs
  artifactKey: Guid(7d6597a4f2b4fc545bf356a7b195076a) Importer(2089858483,0ecaa5967403d082aa24f35e1b516d23)
Start importing Assets/UltimateXR/Editor/Readme/UxrReadme.cs using Guid(7d6597a4f2b4fc545bf356a7b195076a) Importer(2089858483,0ecaa5967403d082aa24f35e1b516d23) Generated GUIDs only implemented for interfaces!
 -> (artifact id: '02610bc0aa31f1cdfdc34fa7f1ea7536') in 0.022975 seconds
Number of updated asset objects reloaded before import = 0
Number of asset objects unloaded after import = 1
========================================================================
Received Import Request.
  Time since last request: 0.000031 seconds.
  path: Assets/UltimateXR/Scripts/Locomotion/UxrTeleportTargetMaterialID.cs
  artifactKey: Guid(13667cb98c4098641b8742b16d227f54) Importer(2089858483,0ecaa5967403d082aa24f35e1b516d23)
Start importing Assets/UltimateXR/Scripts/Locomotion/UxrTeleportTargetMaterialID.cs using Guid(13667cb98c4098641b8742b16d227f54) Importer(2089858483,0ecaa5967403d082aa24f35e1b516d23) Generated GUIDs only implemented for interfaces!
 -> (artifact id: 'ca50a4796b72aa4650a6979eab73fffe') in 0.023675 seconds
Number of updated asset objects reloaded before import = 0
Number of asset objects unloaded after import = 1
========================================================================
Received Import Request.
  Time since last request: 0.000030 seconds.
  path: Assets/UltimateXR/Prefabs/Teleport/TeleportCyber03_BRP.prefab
  artifactKey: Guid(194f650b61b290f429d146ac4e5cb3b7) Importer(2089858483,0ecaa5967403d082aa24f35e1b516d23)
Start importing Assets/UltimateXR/Prefabs/Teleport/TeleportCyber03_BRP.prefab using Guid(194f650b61b290f429d146ac4e5cb3b7) Importer(2089858483,0ecaa5967403d082aa24f35e1b516d23) Generated GUIDs only implemented for interfaces!
 -> (artifact id: '02c0ae7179a6e13182445571b28a4ed5') in 0.233365 seconds
Number of updated asset objects reloaded before import = 0
Number of asset objects unloaded after import = 144
========================================================================
Received Import Request.
  Time since last request: 0.000037 seconds.
  path: Assets/UltimateXR/Prefabs/Teleport/TeleportStylish02_URP.prefab
  artifactKey: Guid(2f6885b60be4f324a97d1aaf9a80649e) Importer(2089858483,0ecaa5967403d082aa24f35e1b516d23)
Start importing Assets/UltimateXR/Prefabs/Teleport/TeleportStylish02_URP.prefab using Guid(2f6885b60be4f324a97d1aaf9a80649e) Importer(2089858483,0ecaa5967403d082aa24f35e1b516d23) Generated GUIDs only implemented for interfaces!
 -> (artifact id: '8cfc9180bc62c60c5bf71eaa630eb332') in 0.033733 seconds
Number of updated asset objects reloaded before import = 0
Number of asset objects unloaded after import = 52
========================================================================
Received Import Request.
  Time since last request: 0.000060 seconds.
  path: Assets/UltimateXR/Scripts/Avatar/UxrAvatarMoveEventArgs.cs
  artifactKey: Guid(82402aa810bb0b0439d0414dac492b92) Importer(2089858483,0ecaa5967403d082aa24f35e1b516d23)
Start importing Assets/UltimateXR/Scripts/Avatar/UxrAvatarMoveEventArgs.cs using Guid(82402aa810bb0b0439d0414dac492b92) Importer(2089858483,0ecaa5967403d082aa24f35e1b516d23) Generated GUIDs only implemented for interfaces!
 -> (artifact id: 'b07fe597665d76fa8c77543490c72ac0') in 0.023254 seconds
Number of updated asset objects reloaded before import = 0
Number of asset objects unloaded after import = 1
========================================================================
Received Import Request.
  Time since last request: 0.000043 seconds.
  path: Assets/UltimateXR/Prefabs/Teleport/TeleportLocation04.prefab
  artifactKey: Guid(f0f8e4ac04e9b6a499967d502cc2891e) Importer(2089858483,0ecaa5967403d082aa24f35e1b516d23)
Start importing Assets/UltimateXR/Prefabs/Teleport/TeleportLocation04.prefab using Guid(f0f8e4ac04e9b6a499967d502cc2891e) Importer(2089858483,0ecaa5967403d082aa24f35e1b516d23) Generated GUIDs only implemented for interfaces!
 -> (artifact id: '1b35bdbacd008887d676c7ac9b4e96e6') in 0.095370 seconds
Number of updated asset objects reloaded before import = 0
Number of asset objects unloaded after import = 30
========================================================================
Received Import Request.
  Time since last request: 0.000031 seconds.
  path: Assets/UltimateXR/Editor/Utilities/LookAtWindow.cs
  artifactKey: Guid(c9d5baecadf7402fa7b9ea82b71ec6fe) Importer(2089858483,0ecaa5967403d082aa24f35e1b516d23)
Start importing Assets/UltimateXR/Editor/Utilities/LookAtWindow.cs using Guid(c9d5baecadf7402fa7b9ea82b71ec6fe) Importer(2089858483,0ecaa5967403d082aa24f35e1b516d23) Generated GUIDs only implemented for interfaces!
 -> (artifact id: '390d40a91fc9d8586afcbb7b8a7fe4d2') in 0.028652 seconds
Number of updated asset objects reloaded before import = 0
Number of asset objects unloaded after import = 1
========================================================================
Received Import Request.
  Time since last request: 0.000036 seconds.
  path: Assets/UltimateXR/Prefabs/Teleport/TeleportCyber02_BRP.prefab
  artifactKey: Guid(0dab809179466c54a8da93d6bfe45bd7) Importer(2089858483,0ecaa5967403d082aa24f35e1b516d23)
Start importing Assets/UltimateXR/Prefabs/Teleport/TeleportCyber02_BRP.prefab using Guid(0dab809179466c54a8da93d6bfe45bd7) Importer(2089858483,0ecaa5967403d082aa24f35e1b516d23) Generated GUIDs only implemented for interfaces!
 -> (artifact id: 'fab47ac01a812f2cb49b5bd844e8702d') in 0.136619 seconds
Number of updated asset objects reloaded before import = 0
Number of asset objects unloaded after import = 136
========================================================================
Received Import Request.
  Time since last request: 0.000064 seconds.
  path: Assets/UltimateXR/Scripts/CameraUtils/UxrCameraDepthEnable.cs
  artifactKey: Guid(0694c9893d18f394c87b81fcf790fd3c) Importer(2089858483,0ecaa5967403d082aa24f35e1b516d23)
Start importing Assets/UltimateXR/Scripts/CameraUtils/UxrCameraDepthEnable.cs using Guid(0694c9893d18f394c87b81fcf790fd3c) Importer(2089858483,0ecaa5967403d082aa24f35e1b516d23) Generated GUIDs only implemented for interfaces!
 -> (artifact id: 'a54e743805afb0ad86cda5c0e9d21ba9') in 0.034233 seconds
Number of updated asset objects reloaded before import = 0
Number of asset objects unloaded after import = 1
========================================================================
Received Import Request.
  Time since last request: 0.000049 seconds.
  path: Assets/UltimateXR/Scripts/Avatar/UxrAvatarMode.cs
  artifactKey: Guid(95e6931452bff3d4c9de15ecb25f5e77) Importer(2089858483,0ecaa5967403d082aa24f35e1b516d23)
Start importing Assets/UltimateXR/Scripts/Avatar/UxrAvatarMode.cs using Guid(95e6931452bff3d4c9de15ecb25f5e77) Importer(2089858483,0ecaa5967403d082aa24f35e1b516d23) Generated GUIDs only implemented for interfaces!
 -> (artifact id: 'a4b83540693af7d80365040302be452a') in 0.025934 seconds
Number of updated asset objects reloaded before import = 0
Number of asset objects unloaded after import = 1
========================================================================
Received Import Request.
  Time since last request: 0.000038 seconds.
  path: Assets/UltimateXR/Editor/UI/UxrCameraPointerEditor.cs
  artifactKey: Guid(283fee6f9ad74284ea58489a7de867ed) Importer(2089858483,0ecaa5967403d082aa24f35e1b516d23)
Start importing Assets/UltimateXR/Editor/UI/UxrCameraPointerEditor.cs using Guid(283fee6f9ad74284ea58489a7de867ed) Importer(2089858483,0ecaa5967403d082aa24f35e1b516d23) Generated GUIDs only implemented for interfaces!
 -> (artifact id: '108fc13c3ba8c459a25797cc78150761') in 0.027004 seconds
Number of updated asset objects reloaded before import = 0
Number of asset objects unloaded after import = 1
========================================================================
Received Import Request.
  Time since last request: 0.000027 seconds.
  path: Assets/UltimateXR/Scripts/Audio/UxrAudioManipulation.cs
  artifactKey: Guid(de9b9b50632dc364ba61a4632566e267) Importer(2089858483,0ecaa5967403d082aa24f35e1b516d23)
Start importing Assets/UltimateXR/Scripts/Audio/UxrAudioManipulation.cs using Guid(de9b9b50632dc364ba61a4632566e267) Importer(2089858483,0ecaa5967403d082aa24f35e1b516d23) Generated GUIDs only implemented for interfaces!
 -> (artifact id: '069fd3b8036e3cf993081a3a2b7102ea') in 0.027448 seconds
Number of updated asset objects reloaded before import = 0
Number of asset objects unloaded after import = 1
========================================================================
Received Import Request.
  Time since last request: 0.000047 seconds.
  path: Assets/UltimateXR/Editor/Sdks/UxrSdkLocatorOvr.cs
  artifactKey: Guid(baf1f71e835776b499b39f9dadef67a5) Importer(2089858483,0ecaa5967403d082aa24f35e1b516d23)
Start importing Assets/UltimateXR/Editor/Sdks/UxrSdkLocatorOvr.cs using Guid(baf1f71e835776b499b39f9dadef67a5) Importer(2089858483,0ecaa5967403d082aa24f35e1b516d23) Generated GUIDs only implemented for interfaces!
 -> (artifact id: 'd3ae60c1f6edae784c9a1e992c539787') in 0.027274 seconds
Number of updated asset objects reloaded before import = 0
Number of asset objects unloaded after import = 1
========================================================================
Received Import Request.
  Time since last request: 0.000049 seconds.
  path: Assets/UltimateXR/Scripts/Core/UxrConstants.Hand.cs
  artifactKey: Guid(1e3fa063640da40498e6c018b4883d1e) Importer(2089858483,0ecaa5967403d082aa24f35e1b516d23)
Start importing Assets/UltimateXR/Scripts/Core/UxrConstants.Hand.cs using Guid(1e3fa063640da40498e6c018b4883d1e) Importer(2089858483,0ecaa5967403d082aa24f35e1b516d23) Generated GUIDs only implemented for interfaces!
 -> (artifact id: '43f3502e5cd7370aac8ccfea5fd62f91') in 0.029672 seconds
Number of updated asset objects reloaded before import = 0
Number of asset objects unloaded after import = 1
========================================================================
Received Import Request.
  Time since last request: 0.000289 seconds.
  path: Assets/UltimateXR/Prefabs/Devices/Readme.txt
  artifactKey: Guid(f1dcf0e409e7b56449fcaa58f8d62ac0) Importer(2089858483,0ecaa5967403d082aa24f35e1b516d23)
Start importing Assets/UltimateXR/Prefabs/Devices/Readme.txt using Guid(f1dcf0e409e7b56449fcaa58f8d62ac0) Importer(2089858483,0ecaa5967403d082aa24f35e1b516d23) Generated GUIDs only implemented for interfaces!
 -> (artifact id: 'bedbecc4276f46fb79617a99945d866f') in 0.028269 seconds
Number of updated asset objects reloaded before import = 0
Number of asset objects unloaded after import = 1
========================================================================
Received Import Request.
  Time since last request: 0.000026 seconds.
  path: Assets/UltimateXR/Scripts/Audio/UxrAudioSourceStartPos.cs
  artifactKey: Guid(e30cf4433bc842f4c8177b2b732f61a3) Importer(2089858483,0ecaa5967403d082aa24f35e1b516d23)
Start importing Assets/UltimateXR/Scripts/Audio/UxrAudioSourceStartPos.cs using Guid(e30cf4433bc842f4c8177b2b732f61a3) Importer(2089858483,0ecaa5967403d082aa24f35e1b516d23) Generated GUIDs only implemented for interfaces!
 -> (artifact id: 'bb86e01a020b320642423f5967d150b1') in 0.024437 seconds
Number of updated asset objects reloaded before import = 0
Number of asset objects unloaded after import = 1
========================================================================
Received Import Request.
  Time since last request: 0.000026 seconds.
  path: Assets/UltimateXR/Scripts/Devices/UxrInput1D.cs
  artifactKey: Guid(b43a60de921d448889b075a05f6d1c6c) Importer(2089858483,0ecaa5967403d082aa24f35e1b516d23)
Start importing Assets/UltimateXR/Scripts/Devices/UxrInput1D.cs using Guid(b43a60de921d448889b075a05f6d1c6c) Importer(2089858483,0ecaa5967403d082aa24f35e1b516d23) Generated GUIDs only implemented for interfaces!
 -> (artifact id: 'f129bb3d3325d173eee602a2c1531ac4') in 0.031254 seconds
Number of updated asset objects reloaded before import = 0
Number of asset objects unloaded after import = 1
========================================================================
Received Import Request.
  Time since last request: 0.000036 seconds.
  path: Assets/UltimateXR/Scripts/Devices/UxrInput1DEventArgs.cs
  artifactKey: Guid(3603e23707484d7986b9726d49f298c8) Importer(2089858483,0ecaa5967403d082aa24f35e1b516d23)
Start importing Assets/UltimateXR/Scripts/Devices/UxrInput1DEventArgs.cs using Guid(3603e23707484d7986b9726d49f298c8) Importer(2089858483,0ecaa5967403d082aa24f35e1b516d23) Generated GUIDs only implemented for interfaces!
 -> (artifact id: '76452488a64041ec574501e5207432fc') in 0.034203 seconds
Number of updated asset objects reloaded before import = 0
Number of asset objects unloaded after import = 1
========================================================================
Received Import Request.
  Time since last request: 0.000164 seconds.
  path: Assets/UltimateXR/Scripts/Devices/UxrInputButtons.cs
  artifactKey: Guid(c8668f474a8945238f1ab8ab52a138b1) Importer(2089858483,0ecaa5967403d082aa24f35e1b516d23)
Start importing Assets/UltimateXR/Scripts/Devices/UxrInputButtons.cs using Guid(c8668f474a8945238f1ab8ab52a138b1) Importer(2089858483,0ecaa5967403d082aa24f35e1b516d23) Generated GUIDs only implemented for interfaces!
 -> (artifact id: '798eda0cb1b00aa305d29cb1db258b53') in 0.029376 seconds
Number of updated asset objects reloaded before import = 0
Number of asset objects unloaded after import = 1
========================================================================
Received Import Request.
  Time since last request: 0.000034 seconds.
  path: Assets/UltimateXR/Editor/Utilities/AlignWindow.cs
  artifactKey: Guid(ae6cd2a1c2ad2aa49adb72d0073c05d3) Importer(2089858483,0ecaa5967403d082aa24f35e1b516d23)
Start importing Assets/UltimateXR/Editor/Utilities/AlignWindow.cs using Guid(ae6cd2a1c2ad2aa49adb72d0073c05d3) Importer(2089858483,0ecaa5967403d082aa24f35e1b516d23) Generated GUIDs only implemented for interfaces!
 -> (artifact id: '39206337cbf0c7a8259807e30f166088') in 0.031632 seconds
Number of updated asset objects reloaded before import = 0
Number of asset objects unloaded after import = 1
========================================================================
Received Import Request.
  Time since last request: 0.000090 seconds.
  path: Assets/UltimateXR/Examples/FullScene/UltimateXR_URP.unity
  artifactKey: Guid(d026aa0551d251248a15d6e236c7803d) Importer(2089858483,0ecaa5967403d082aa24f35e1b516d23)
Start importing Assets/UltimateXR/Examples/FullScene/UltimateXR_URP.unity using Guid(d026aa0551d251248a15d6e236c7803d) Importer(2089858483,0ecaa5967403d082aa24f35e1b516d23) Generated GUIDs only implemented for interfaces!
 -> (artifact id: 'c503edc73cc34cb6acc1417458468338') in 0.026285 seconds
Number of updated asset objects reloaded before import = 0
Number of asset objects unloaded after import = 1
========================================================================
Received Import Request.
  Time since last request: 0.000186 seconds.
  path: Assets/UltimateXR/Prefabs/Gazing/CameraPointerDotBlackBorder.prefab
  artifactKey: Guid(63f542216714df8419951b150c6a29d5) Importer(2089858483,0ecaa5967403d082aa24f35e1b516d23)
Start importing Assets/UltimateXR/Prefabs/Gazing/CameraPointerDotBlackBorder.prefab using Guid(63f542216714df8419951b150c6a29d5) Importer(2089858483,0ecaa5967403d082aa24f35e1b516d23) Generated GUIDs only implemented for interfaces!
 -> (artifact id: 'b1d145ec8c1bebe426019fb3aa80e5ca') in 0.065403 seconds
Number of updated asset objects reloaded before import = 0
Number of asset objects unloaded after import = 9
========================================================================
Received Import Request.
  Time since last request: 0.000039 seconds.
  path: Assets/UltimateXR/Scripts/Devices/UxrTrackingDevice.cs
  artifactKey: Guid(07e8d39fa95b04044b811c30233257db) Importer(2089858483,0ecaa5967403d082aa24f35e1b516d23)
Start importing Assets/UltimateXR/Scripts/Devices/UxrTrackingDevice.cs using Guid(07e8d39fa95b04044b811c30233257db) Importer(2089858483,0ecaa5967403d082aa24f35e1b516d23) Generated GUIDs only implemented for interfaces!
 -> (artifact id: '0d1dd9b9c8e7f7127791651b3812304a') in 0.029208 seconds
Number of updated asset objects reloaded before import = 0
Number of asset objects unloaded after import = 1
========================================================================
Received Import Request.
  Time since last request: 0.000041 seconds.
  path: Assets/UltimateXR/Scripts/Devices/UxrControllerInputCapabilities.cs
  artifactKey: Guid(01870781258348ab8638c01178c2a8f6) Importer(2089858483,0ecaa5967403d082aa24f35e1b516d23)
Start importing Assets/UltimateXR/Scripts/Devices/UxrControllerInputCapabilities.cs using Guid(01870781258348ab8638c01178c2a8f6) Importer(2089858483,0ecaa5967403d082aa24f35e1b516d23) Generated GUIDs only implemented for interfaces!
 -> (artifact id: '3f44406bb79feb4051fbd41d38acf936') in 0.026219 seconds
Number of updated asset objects reloaded before import = 0
Number of asset objects unloaded after import = 1
========================================================================
Received Import Request.
  Time since last request: 0.000040 seconds.
  path: Assets/UltimateXR/Scripts/Avatar/UxrHandIntegration.cs
  artifactKey: Guid(56fd8cf6e42e4b745b83f45c486ff4d2) Importer(2089858483,0ecaa5967403d082aa24f35e1b516d23)
Start importing Assets/UltimateXR/Scripts/Avatar/UxrHandIntegration.cs using Guid(56fd8cf6e42e4b745b83f45c486ff4d2) Importer(2089858483,0ecaa5967403d082aa24f35e1b516d23) Generated GUIDs only implemented for interfaces!
 -> (artifact id: '3601a604595cc5dbcc53207ec58487f1') in 0.030990 seconds
Number of updated asset objects reloaded before import = 0
Number of asset objects unloaded after import = 1
========================================================================
Received Import Request.
  Time since last request: 0.000035 seconds.
  path: Assets/UltimateXR/Editor/Sdks/UxrSdkLocatorUltraleap.cs
  artifactKey: Guid(99ee4409d6435fb458eadb87ab751efd) Importer(2089858483,0ecaa5967403d082aa24f35e1b516d23)
Start importing Assets/UltimateXR/Editor/Sdks/UxrSdkLocatorUltraleap.cs using Guid(99ee4409d6435fb458eadb87ab751efd) Importer(2089858483,0ecaa5967403d082aa24f35e1b516d23) Generated GUIDs only implemented for interfaces!
 -> (artifact id: 'ac86ff141e904704c4126352f050aeca') in 0.033614 seconds
Number of updated asset objects reloaded before import = 0
Number of asset objects unloaded after import = 1
========================================================================
Received Import Request.
  Time since last request: 0.000032 seconds.
  path: Assets/UltimateXR/Resources/Shaders/UnlitTransparentNoDepthTest.shader
  artifactKey: Guid(ee3db0425949b20499473cf2f8d18c7d) Importer(2089858483,0ecaa5967403d082aa24f35e1b516d23)
Start importing Assets/UltimateXR/Resources/Shaders/UnlitTransparentNoDepthTest.shader using Guid(ee3db0425949b20499473cf2f8d18c7d) Importer(2089858483,0ecaa5967403d082aa24f35e1b516d23) Generated GUIDs only implemented for interfaces!
 -> (artifact id: '5e61049e1a7a366aff1b1f8f8797c5f1') in 0.046459 seconds
Number of updated asset objects reloaded before import = 0
Number of asset objects unloaded after import = 1
========================================================================
Received Import Request.
  Time since last request: 0.000242 seconds.
  path: Assets/UltimateXR/Scripts/Avatar/UxrAvatar.HandState.cs
  artifactKey: Guid(1ece573ebabb4f9c9c7bdcbb764bed95) Importer(2089858483,0ecaa5967403d082aa24f35e1b516d23)
Start importing Assets/UltimateXR/Scripts/Avatar/UxrAvatar.HandState.cs using Guid(1ece573ebabb4f9c9c7bdcbb764bed95) Importer(2089858483,0ecaa5967403d082aa24f35e1b516d23) Generated GUIDs only implemented for interfaces!
 -> (artifact id: 'a724e16ae9e5fbf6068070d73d4d63f7') in 0.032248 seconds
Number of updated asset objects reloaded before import = 0
Number of asset objects unloaded after import = 1
========================================================================
Received Import Request.
  Time since last request: 0.000038 seconds.
  path: Assets/UltimateXR/Scripts/Avatar/UxrAvatarHandPoseChangeEventArgs.cs
  artifactKey: Guid(3cf57dbde327ff442a7ee2f27bfae7d5) Importer(2089858483,0ecaa5967403d082aa24f35e1b516d23)
Start importing Assets/UltimateXR/Scripts/Avatar/UxrAvatarHandPoseChangeEventArgs.cs using Guid(3cf57dbde327ff442a7ee2f27bfae7d5) Importer(2089858483,0ecaa5967403d082aa24f35e1b516d23) Generated GUIDs only implemented for interfaces!
 -> (artifact id: '273fc84540dcb767d4363bf55082b026') in 0.033793 seconds
Number of updated asset objects reloaded before import = 0
Number of asset objects unloaded after import = 1
========================================================================
Received Import Request.
  Time since last request: 0.000154 seconds.
  path: Assets/UltimateXR/Scripts/Devices/UxrInput2D.cs
  artifactKey: Guid(93de9a0faec844c08c62660a4a26d94f) Importer(2089858483,0ecaa5967403d082aa24f35e1b516d23)
Start importing Assets/UltimateXR/Scripts/Devices/UxrInput2D.cs using Guid(93de9a0faec844c08c62660a4a26d94f) Importer(2089858483,0ecaa5967403d082aa24f35e1b516d23) Generated GUIDs only implemented for interfaces!
 -> (artifact id: '64f0260cb1f870c6454910bb59c91c0b') in 0.022555 seconds
Number of updated asset objects reloaded before import = 0
Number of asset objects unloaded after import = 1
========================================================================
Received Import Request.
  Time since last request: 0.000028 seconds.
  path: Assets/UltimateXR/Scripts/Devices/IUxrControllerInput.cs
  artifactKey: Guid(018d0996b6db42708de31cb550c16688) Importer(2089858483,0ecaa5967403d082aa24f35e1b516d23)
Start importing Assets/UltimateXR/Scripts/Devices/IUxrControllerInput.cs using Guid(018d0996b6db42708de31cb550c16688) Importer(2089858483,0ecaa5967403d082aa24f35e1b516d23) Generated GUIDs only implemented for interfaces!
 -> (artifact id: 'dcbb34ae1b9d76138bdd08c7c9eb8a4f') in 0.018742 seconds
Number of updated asset objects reloaded before import = 0
Number of asset objects unloaded after import = 1
========================================================================
Received Import Request.
  Time since last request: 0.000031 seconds.
  path: Assets/UltimateXR/Scripts/Haptics/UxrHapticMode.cs
  artifactKey: Guid(7c1377e68e13494f9ab6fc0a244f73ef) Importer(2089858483,0ecaa5967403d082aa24f35e1b516d23)
Start importing Assets/UltimateXR/Scripts/Haptics/UxrHapticMode.cs using Guid(7c1377e68e13494f9ab6fc0a244f73ef) Importer(2089858483,0ecaa5967403d082aa24f35e1b516d23) Generated GUIDs only implemented for interfaces!
 -> (artifact id: '30ddb7fafa7656ad96f90eda219ada73') in 0.021581 seconds
Number of updated asset objects reloaded before import = 0
Number of asset objects unloaded after import = 1
========================================================================
Received Import Request.
  Time since last request: 0.000031 seconds.
  path: Assets/UltimateXR/Scripts/Locomotion/UxrTeleportLocomotionBase.cs
  artifactKey: Guid(baf72485c9c1e4b4faba8b6ad76157c4) Importer(2089858483,0ecaa5967403d082aa24f35e1b516d23)
Start importing Assets/UltimateXR/Scripts/Locomotion/UxrTeleportLocomotionBase.cs using Guid(baf72485c9c1e4b4faba8b6ad76157c4) Importer(2089858483,0ecaa5967403d082aa24f35e1b516d23) Generated GUIDs only implemented for interfaces!
 -> (artifact id: 'ca2d085592a220e530d83bbe989ebcfa') in 0.021091 seconds
Number of updated asset objects reloaded before import = 0
Number of asset objects unloaded after import = 1
========================================================================
Received Import Request.
  Time since last request: 0.000026 seconds.
  path: Assets/UltimateXR/Scripts/Locomotion/UxrTranslationType.cs
  artifactKey: Guid(cef48ead7c2e4a62bb9126b32218dfdf) Importer(2089858483,0ecaa5967403d082aa24f35e1b516d23)
Start importing Assets/UltimateXR/Scripts/Locomotion/UxrTranslationType.cs using Guid(cef48ead7c2e4a62bb9126b32218dfdf) Importer(2089858483,0ecaa5967403d082aa24f35e1b516d23) Generated GUIDs only implemented for interfaces!
 -> (artifact id: '198001a2f840e6ada91bdc01076dd484') in 0.021279 seconds
Number of updated asset objects reloaded before import = 0
Number of asset objects unloaded after import = 1
========================================================================
Received Import Request.
  Time since last request: 0.000035 seconds.
  path: Assets/UltimateXR/Scripts/Devices/UxrControllerElements.cs
  artifactKey: Guid(8a5b7b477e4a483fa18cd9cdac52ae7b) Importer(2089858483,0ecaa5967403d082aa24f35e1b516d23)
Start importing Assets/UltimateXR/Scripts/Devices/UxrControllerElements.cs using Guid(8a5b7b477e4a483fa18cd9cdac52ae7b) Importer(2089858483,0ecaa5967403d082aa24f35e1b516d23) Generated GUIDs only implemented for interfaces!
 -> (artifact id: 'e9045bdff8b878155c8f8ab4314fc8df') in 0.038904 seconds
Number of updated asset objects reloaded before import = 0
Number of asset objects unloaded after import = 1
========================================================================
Received Import Request.
  Time since last request: 0.000031 seconds.
  path: Assets/UltimateXR/Prefabs/Teleport/TeleportLocation03.prefab
  artifactKey: Guid(43a9098fc3440c64a964bde2b971cd2c) Importer(2089858483,0ecaa5967403d082aa24f35e1b516d23)
Start importing Assets/UltimateXR/Prefabs/Teleport/TeleportLocation03.prefab using Guid(43a9098fc3440c64a964bde2b971cd2c) Importer(2089858483,0ecaa5967403d082aa24f35e1b516d23) Generated GUIDs only implemented for interfaces!
 -> (artifact id: 'f8801a7cc4321b3d423a81056911b398') in 0.140314 seconds
Number of updated asset objects reloaded before import = 0
Number of asset objects unloaded after import = 25
========================================================================
Received Import Request.
  Time since last request: 0.003286 seconds.
  path: Assets/UltimateXR/Scripts/Core/UxrUtils.cs
  artifactKey: Guid(dff79764a77d9254f8a0b8866ccd4716) Importer(2089858483,0ecaa5967403d082aa24f35e1b516d23)
Start importing Assets/UltimateXR/Scripts/Core/UxrUtils.cs using Guid(dff79764a77d9254f8a0b8866ccd4716) Importer(2089858483,0ecaa5967403d082aa24f35e1b516d23) Generated GUIDs only implemented for interfaces!
 -> (artifact id: 'ef7e4f264d3bbf092299896f94aa0182') in 0.038351 seconds
Number of updated asset objects reloaded before import = 0
Number of asset objects unloaded after import = 1
========================================================================
Received Import Request.
  Time since last request: 0.000120 seconds.
  path: Assets/UltimateXR/Prefabs/Teleport/TeleportCyber01_URP.prefab
  artifactKey: Guid(d249b95d343b5ab4babd0ea8c975c6bb) Importer(2089858483,0ecaa5967403d082aa24f35e1b516d23)
Start importing Assets/UltimateXR/Prefabs/Teleport/TeleportCyber01_URP.prefab using Guid(d249b95d343b5ab4babd0ea8c975c6bb) Importer(2089858483,0ecaa5967403d082aa24f35e1b516d23) Generated GUIDs only implemented for interfaces!
 -> (artifact id: 'f7062d01ad4d66f26553e213603f9203') in 0.089811 seconds
Number of updated asset objects reloaded before import = 0
Number of asset objects unloaded after import = 76
========================================================================
Received Import Request.
  Time since last request: 0.000046 seconds.
  path: Assets/UltimateXR/Scripts/Exceptions/HttpUwrException.cs
  artifactKey: Guid(5985414bb7b447f891957b5dbec91c2b) Importer(2089858483,0ecaa5967403d082aa24f35e1b516d23)
Start importing Assets/UltimateXR/Scripts/Exceptions/HttpUwrException.cs using Guid(5985414bb7b447f891957b5dbec91c2b) Importer(2089858483,0ecaa5967403d082aa24f35e1b516d23) Generated GUIDs only implemented for interfaces!
 -> (artifact id: '9d6277f229c71540a8ab9b903233fd4d') in 0.031055 seconds
Number of updated asset objects reloaded before import = 0
Number of asset objects unloaded after import = 1
========================================================================
Received Prepare
Begin MonoManager ReloadAssembly
- Loaded All Assemblies, in  1.021 seconds
Refreshing native plugins compatible for Editor in 32.66 ms, found 36 plugins.
Native extension for WindowsStandalone target not found
Native extension for Android target not found
Native extension for OSXStandalone target not found
Native extension for WebGL target not found
Package Manager log level set to [2]
[Package Manager] Server::EnsureServerProcessIsRunning -- launch failed, reason: Unity was launched with the -noUpm command-line argument
[Package Manager] UpmClient::Send -- Unable to send message (not connected to UPM process).
[Package Manager] Cannot connect to Unity Package Manager local server
[Package Manager] Server::EnsureServerProcessIsRunning -- launch failed, reason: Unity was launched with the -noUpm command-line argument
[Package Manager] UpmClient::Send -- Unable to send message (not connected to UPM process).
[Package Manager] Cannot connect to Unity Package Manager local server
Mono: successfully reloaded assembly
[Package Manager] Server::EnsureServerProcessIsRunning -- launch failed, reason: Unity was launched with the -noUpm command-line argument
[Package Manager] UpmClient::Send -- Unable to send message (not connected to UPM process).
[Package Manager] Cannot connect to Unity Package Manager local server
[Package Manager] Server::EnsureServerProcessIsRunning -- launch failed, reason: Unity was launched with the -noUpm command-line argument
[Package Manager] UpmClient::Send -- Unable to send message (not connected to UPM process).
[Package Manager] Cannot connect to Unity Package Manager local server
- Finished resetting the current domain, in  2.115 seconds
Domain Reload Profiling: 3124ms
	BeginReloadAssembly (296ms)
		ExecutionOrderSort (0ms)
		DisableScriptedObjects (6ms)
		BackupInstance (0ms)
		ReleaseScriptingObjects (0ms)
		CreateAndSetChildDomain (117ms)
	RebuildCommonClasses (60ms)
	RebuildNativeTypeToScriptingClass (23ms)
	initialDomainReloadingComplete (58ms)
	LoadAllAssembliesAndSetupDomain (571ms)
		LoadAssemblies (562ms)
		RebuildTransferFunctionScriptingTraits (0ms)
		AnalyzeDomain (143ms)
			TypeCache.Refresh (65ms)
				TypeCache.ScanAssembly (48ms)
			ScanForSourceGeneratedMonoScriptInfo (39ms)
			ResolveRequiredComponents (37ms)
	FinalizeReload (2116ms)
		ReleaseScriptCaches (0ms)
		RebuildScriptCaches (0ms)
		SetupLoadedEditorAssemblies (816ms)
			LogAssemblyErrors (0ms)
			InitializePlatformSupportModulesInManaged (44ms)
			SetLoadedEditorAssemblies (7ms)
			RefreshPlugins (0ms)
			BeforeProcessingInitializeOnLoad (154ms)
			ProcessInitializeOnLoadAttributes (515ms)
			ProcessInitializeOnLoadMethodAttributes (85ms)
			AfterProcessingInitializeOnLoad (10ms)
			EditorAssembliesLoaded (0ms)
		ExecutionOrderSort2 (0ms)
		AwakeInstancesAfterBackupRestoration (21ms)
Shader 'Oculus/OVRMRCameraFrameLit': fallback shader 'Alpha-Diffuse' not found
Refreshing native plugins compatible for Editor in 30.11 ms, found 36 plugins.
Preloading 2 native plugins for Editor in 0.14 ms.
Unloading 7576 Unused Serialized files (Serialized files now loaded: 0)
Unloading 131 unused Assets / (0.5 MB). Loaded Objects now: 8237.
Memory consumption went from 251.0 MB to 250.5 MB.
Total: 8.704400 ms (FindLiveObjects: 0.933100 ms CreateObjectMapping: 0.777300 ms MarkObjects: 6.500600 ms  DeleteObjects: 0.491500 ms)

Prepare: number of updated asset objects reloaded= 0
AssetImportParameters requested are different than current active one (requested -> active):
  custom:container-demuxer-ogg: 62fdf1f143b41e24485cea50d1cbac27 -> 
  custom:framework-win-MediaFoundation: 216162199b28c13a410421893ffa2e32 -> 
  custom:container-muxer-webm: aa71ff27fc2769a1b78a27578f13a17b -> 
  custom:video-decoder-webm-vp8: 9c59270c3fd7afecdb556c50c9e8de78 -> 
  custom:SearchIndexIgnoredProperties: e643bd26f0fe6173181afceb89e7c659 -> 
  custom:AudioImporter_EditorPlatform: d09bf68614088b80899f8185d706f6e7 -> 
  custom:audio-decoder-ogg-vorbis: bf7c407c2cedff20999df2af8eb42d56 -> 
  custom:audio-encoder-webm-vorbis: bf7c407c2cedff20999df2af8eb42d56 -> 
  custom:video-decoder-ogg-theora: a1e56fd34408186e4bbccfd4996cb3dc -> 
  custom:CustomObjectIndexerAttribute: a3ef5dd2817f97addfee359851a9dba5 -> 
  custom:container-demuxer-webm: 4f35f7cbe854078d1ac9338744f61a02 -> 
  custom:video-encoder-webm-vp8: eb34c28f22e8b96e1ab97ce403110664 -> 
========================================================================
Received Prepare
Begin MonoManager ReloadAssembly
- Loaded All Assemblies, in  0.919 seconds
Refreshing native plugins compatible for Editor in 38.12 ms, found 37 plugins.
Native extension for WindowsStandalone target not found
Native extension for Android target not found
Native extension for OSXStandalone target not found
Native extension for WebGL target not found
[Package Manager] Server::EnsureServerProcessIsRunning -- launch failed, reason: Unity was launched with the -noUpm command-line argument
[Package Manager] UpmClient::Send -- Unable to send message (not connected to UPM process).
[Package Manager] Cannot connect to Unity Package Manager local server
[Package Manager] Server::EnsureServerProcessIsRunning -- launch failed, reason: Unity was launched with the -noUpm command-line argument
[Package Manager] UpmClient::Send -- Unable to send message (not connected to UPM process).
[Package Manager] Cannot connect to Unity Package Manager local server
[XR] OculusXRPlugin: registering subsystems
[XR] Unable to register display lifecyle provider: [1]
[XR] Oculus Input lifecycle provider registered.
[XR] Unable to register input lifecyle provider: [1]
[XR] OVRP version 1.89.1
Mono: successfully reloaded assembly
[Package Manager] Server::EnsureServerProcessIsRunning -- launch failed, reason: Unity was launched with the -noUpm command-line argument
[Package Manager] UpmClient::Send -- Unable to send message (not connected to UPM process).
[Package Manager] Cannot connect to Unity Package Manager local server
- Finished resetting the current domain, in  2.179 seconds
Domain Reload Profiling: 3091ms
	BeginReloadAssembly (257ms)
		ExecutionOrderSort (0ms)
		DisableScriptedObjects (6ms)
		BackupInstance (0ms)
		ReleaseScriptingObjects (0ms)
		CreateAndSetChildDomain (91ms)
	RebuildCommonClasses (48ms)
	RebuildNativeTypeToScriptingClass (16ms)
	initialDomainReloadingComplete (42ms)
	LoadAllAssembliesAndSetupDomain (547ms)
		LoadAssemblies (513ms)
		RebuildTransferFunctionScriptingTraits (0ms)
		AnalyzeDomain (147ms)
			TypeCache.Refresh (65ms)
				TypeCache.ScanAssembly (50ms)
			ScanForSourceGeneratedMonoScriptInfo (43ms)
			ResolveRequiredComponents (37ms)
	FinalizeReload (2180ms)
		ReleaseScriptCaches (0ms)
		RebuildScriptCaches (0ms)
		SetupLoadedEditorAssemblies (808ms)
			LogAssemblyErrors (0ms)
			InitializePlatformSupportModulesInManaged (47ms)
			SetLoadedEditorAssemblies (8ms)
			RefreshPlugins (0ms)
			BeforeProcessingInitializeOnLoad (158ms)
			ProcessInitializeOnLoadAttributes (472ms)
			ProcessInitializeOnLoadMethodAttributes (113ms)
			AfterProcessingInitializeOnLoad (10ms)
			EditorAssembliesLoaded (0ms)
		ExecutionOrderSort2 (0ms)
		AwakeInstancesAfterBackupRestoration (21ms)
Shader 'Oculus/OVRMRCameraFrameLit': fallback shader 'Alpha-Diffuse' not found
Refreshing native plugins compatible for Editor in 34.97 ms, found 37 plugins.
Preloading 2 native plugins for Editor in 0.13 ms.
Unloading 7632 Unused Serialized files (Serialized files now loaded: 0)
Unloading 161 unused Assets / (0.5 MB). Loaded Objects now: 8269.
Memory consumption went from 252.6 MB to 252.0 MB.
Total: 8.516300 ms (FindLiveObjects: 0.885500 ms CreateObjectMapping: 0.622800 ms MarkObjects: 6.363700 ms  DeleteObjects: 0.640800 ms)

Prepare: number of updated asset objects reloaded= 0
AssetImportParameters requested are different than current active one (requested -> active):
  custom:container-demuxer-ogg: 62fdf1f143b41e24485cea50d1cbac27 -> 
  custom:framework-win-MediaFoundation: 216162199b28c13a410421893ffa2e32 -> 
  custom:container-muxer-webm: aa71ff27fc2769a1b78a27578f13a17b -> 
  custom:video-decoder-webm-vp8: 9c59270c3fd7afecdb556c50c9e8de78 -> 
  custom:SearchIndexIgnoredProperties: e643bd26f0fe6173181afceb89e7c659 -> 
  custom:AudioImporter_EditorPlatform: d09bf68614088b80899f8185d706f6e7 -> 
  custom:audio-decoder-ogg-vorbis: bf7c407c2cedff20999df2af8eb42d56 -> 
  custom:audio-encoder-webm-vorbis: bf7c407c2cedff20999df2af8eb42d56 -> 
  custom:video-decoder-ogg-theora: a1e56fd34408186e4bbccfd4996cb3dc -> 
  custom:CustomObjectIndexerAttribute: a3ef5dd2817f97addfee359851a9dba5 -> 
  custom:container-demuxer-webm: 4f35f7cbe854078d1ac9338744f61a02 -> 
  custom:video-encoder-webm-vp8: eb34c28f22e8b96e1ab97ce403110664 -> 
========================================================================
Received Prepare
Begin MonoManager ReloadAssembly
- Loaded All Assemblies, in  0.963 seconds
Refreshing native plugins compatible for Editor in 51.49 ms, found 37 plugins.
Native extension for WindowsStandalone target not found
Native extension for Android target not found
Native extension for OSXStandalone target not found
Native extension for WebGL target not found
[Package Manager] Server::EnsureServerProcessIsRunning -- launch failed, reason: Unity was launched with the -noUpm command-line argument
[Package Manager] UpmClient::Send -- Unable to send message (not connected to UPM process).
[Package Manager] Cannot connect to Unity Package Manager local server
[Package Manager] Server::EnsureServerProcessIsRunning -- launch failed, reason: Unity was launched with the -noUpm command-line argument
[Package Manager] UpmClient::Send -- Unable to send message (not connected to UPM process).
[Package Manager] Cannot connect to Unity Package Manager local server
Mono: successfully reloaded assembly
[Package Manager] Server::EnsureServerProcessIsRunning -- launch failed, reason: Unity was launched with the -noUpm command-line argument
[Package Manager] UpmClient::Send -- Unable to send message (not connected to UPM process).
[Package Manager] Cannot connect to Unity Package Manager local server
- Finished resetting the current domain, in  1.669 seconds
Domain Reload Profiling: 2625ms
	BeginReloadAssembly (221ms)
		ExecutionOrderSort (0ms)
		DisableScriptedObjects (4ms)
		BackupInstance (0ms)
		ReleaseScriptingObjects (0ms)
		CreateAndSetChildDomain (54ms)
	RebuildCommonClasses (47ms)
	RebuildNativeTypeToScriptingClass (15ms)
	initialDomainReloadingComplete (38ms)
	LoadAllAssembliesAndSetupDomain (633ms)
		LoadAssemblies (443ms)
		RebuildTransferFunctionScriptingTraits (0ms)
		AnalyzeDomain (314ms)
			TypeCache.Refresh (177ms)
				TypeCache.ScanAssembly (160ms)
			ScanForSourceGeneratedMonoScriptInfo (41ms)
			ResolveRequiredComponents (95ms)
	FinalizeReload (1670ms)
		ReleaseScriptCaches (0ms)
		RebuildScriptCaches (0ms)
		SetupLoadedEditorAssemblies (703ms)
			LogAssemblyErrors (0ms)
			InitializePlatformSupportModulesInManaged (38ms)
			SetLoadedEditorAssemblies (7ms)
			RefreshPlugins (0ms)
			BeforeProcessingInitializeOnLoad (134ms)
			ProcessInitializeOnLoadAttributes (426ms)
			ProcessInitializeOnLoadMethodAttributes (89ms)
			AfterProcessingInitializeOnLoad (8ms)
			EditorAssembliesLoaded (0ms)
		ExecutionOrderSort2 (0ms)
		AwakeInstancesAfterBackupRestoration (17ms)
Shader 'Oculus/OVRMRCameraFrameLit': fallback shader 'Alpha-Diffuse' not found
Refreshing native plugins compatible for Editor in 81.48 ms, found 37 plugins.
Preloading 2 native plugins for Editor in 1.79 ms.
Unloading 7623 Unused Serialized files (Serialized files now loaded: 0)
Unloading 161 unused Assets / (0.5 MB). Loaded Objects now: 8274.
Memory consumption went from 252.5 MB to 252.0 MB.
Total: 19.368300 ms (FindLiveObjects: 1.861400 ms CreateObjectMapping: 1.523000 ms MarkObjects: 15.009700 ms  DeleteObjects: 0.971000 ms)

Prepare: number of updated asset objects reloaded= 0
AssetImportParameters requested are different than current active one (requested -> active):
  custom:container-demuxer-ogg: 62fdf1f143b41e24485cea50d1cbac27 -> 
  custom:framework-win-MediaFoundation: 216162199b28c13a410421893ffa2e32 -> 
  custom:container-muxer-webm: aa71ff27fc2769a1b78a27578f13a17b -> 
  custom:video-decoder-webm-vp8: 9c59270c3fd7afecdb556c50c9e8de78 -> 
  custom:SearchIndexIgnoredProperties: e643bd26f0fe6173181afceb89e7c659 -> 
  custom:AudioImporter_EditorPlatform: d09bf68614088b80899f8185d706f6e7 -> 
  custom:audio-decoder-ogg-vorbis: bf7c407c2cedff20999df2af8eb42d56 -> 
  custom:audio-encoder-webm-vorbis: bf7c407c2cedff20999df2af8eb42d56 -> 
  custom:video-decoder-ogg-theora: a1e56fd34408186e4bbccfd4996cb3dc -> 
  custom:CustomObjectIndexerAttribute: a3ef5dd2817f97addfee359851a9dba5 -> 
  custom:container-demuxer-webm: 4f35f7cbe854078d1ac9338744f61a02 -> 
  custom:video-encoder-webm-vp8: eb34c28f22e8b96e1ab97ce403110664 -> 
========================================================================
Received Prepare
Begin MonoManager ReloadAssembly
- Loaded All Assemblies, in  0.971 seconds
Refreshing native plugins compatible for Editor in 29.36 ms, found 37 plugins.
Native extension for WindowsStandalone target not found
Native extension for Android target not found
Native extension for OSXStandalone target not found
Native extension for WebGL target not found
[Package Manager] Server::EnsureServerProcessIsRunning -- launch failed, reason: Unity was launched with the -noUpm command-line argument
[Package Manager] UpmClient::Send -- Unable to send message (not connected to UPM process).
[Package Manager] Cannot connect to Unity Package Manager local server
[Package Manager] Server::EnsureServerProcessIsRunning -- launch failed, reason: Unity was launched with the -noUpm command-line argument
[Package Manager] UpmClient::Send -- Unable to send message (not connected to UPM process).
[Package Manager] Cannot connect to Unity Package Manager local server
Mono: successfully reloaded assembly
[Package Manager] Server::EnsureServerProcessIsRunning -- launch failed, reason: Unity was launched with the -noUpm command-line argument
[Package Manager] UpmClient::Send -- Unable to send message (not connected to UPM process).
[Package Manager] Cannot connect to Unity Package Manager local server
- Finished resetting the current domain, in  1.627 seconds
Domain Reload Profiling: 2590ms
	BeginReloadAssembly (196ms)
		ExecutionOrderSort (0ms)
		DisableScriptedObjects (5ms)
		BackupInstance (0ms)
		ReleaseScriptingObjects (0ms)
		CreateAndSetChildDomain (53ms)
	RebuildCommonClasses (42ms)
	RebuildNativeTypeToScriptingClass (15ms)
	initialDomainReloadingComplete (37ms)
	LoadAllAssembliesAndSetupDomain (674ms)
		LoadAssemblies (444ms)
		RebuildTransferFunctionScriptingTraits (0ms)
		AnalyzeDomain (331ms)
			TypeCache.Refresh (191ms)
				TypeCache.ScanAssembly (173ms)
			ScanForSourceGeneratedMonoScriptInfo (42ms)
			ResolveRequiredComponents (96ms)
	FinalizeReload (1627ms)
		ReleaseScriptCaches (0ms)
		RebuildScriptCaches (0ms)
		SetupLoadedEditorAssemblies (736ms)
			LogAssemblyErrors (0ms)
			InitializePlatformSupportModulesInManaged (38ms)
			SetLoadedEditorAssemblies (6ms)
			RefreshPlugins (0ms)
			BeforeProcessingInitializeOnLoad (140ms)
			ProcessInitializeOnLoadAttributes (457ms)
			ProcessInitializeOnLoadMethodAttributes (87ms)
			AfterProcessingInitializeOnLoad (8ms)
			EditorAssembliesLoaded (0ms)
		ExecutionOrderSort2 (0ms)
		AwakeInstancesAfterBackupRestoration (16ms)
Shader 'Oculus/OVRMRCameraFrameLit': fallback shader 'Alpha-Diffuse' not found
Refreshing native plugins compatible for Editor in 26.13 ms, found 37 plugins.
Preloading 2 native plugins for Editor in 0.11 ms.
Unloading 7623 Unused Serialized files (Serialized files now loaded: 0)
Unloading 161 unused Assets / (0.5 MB). Loaded Objects now: 8279.
Memory consumption went from 252.5 MB to 252.0 MB.
Total: 6.527800 ms (FindLiveObjects: 0.960900 ms CreateObjectMapping: 0.497300 ms MarkObjects: 4.622800 ms  DeleteObjects: 0.444800 ms)

Prepare: number of updated asset objects reloaded= 0
AssetImportParameters requested are different than current active one (requested -> active):
  custom:container-demuxer-ogg: 62fdf1f143b41e24485cea50d1cbac27 -> 
  custom:framework-win-MediaFoundation: 216162199b28c13a410421893ffa2e32 -> 
  custom:container-muxer-webm: aa71ff27fc2769a1b78a27578f13a17b -> 
  custom:video-decoder-webm-vp8: 9c59270c3fd7afecdb556c50c9e8de78 -> 
  custom:SearchIndexIgnoredProperties: e643bd26f0fe6173181afceb89e7c659 -> 
  custom:AudioImporter_EditorPlatform: d09bf68614088b80899f8185d706f6e7 -> 
  custom:audio-decoder-ogg-vorbis: bf7c407c2cedff20999df2af8eb42d56 -> 
  custom:audio-encoder-webm-vorbis: bf7c407c2cedff20999df2af8eb42d56 -> 
  custom:video-decoder-ogg-theora: a1e56fd34408186e4bbccfd4996cb3dc -> 
  custom:CustomObjectIndexerAttribute: a3ef5dd2817f97addfee359851a9dba5 -> 
  custom:container-demuxer-webm: 4f35f7cbe854078d1ac9338744f61a02 -> 
  custom:video-encoder-webm-vp8: eb34c28f22e8b96e1ab97ce403110664 -> 
========================================================================
Received Prepare
Begin MonoManager ReloadAssembly
- Loaded All Assemblies, in  0.911 seconds
Refreshing native plugins compatible for Editor in 35.37 ms, found 37 plugins.
Native extension for WindowsStandalone target not found
Native extension for Android target not found
Native extension for OSXStandalone target not found
Native extension for WebGL target not found
[Package Manager] Server::EnsureServerProcessIsRunning -- launch failed, reason: Unity was launched with the -noUpm command-line argument
[Package Manager] UpmClient::Send -- Unable to send message (not connected to UPM process).
[Package Manager] Cannot connect to Unity Package Manager local server
[Package Manager] Server::EnsureServerProcessIsRunning -- launch failed, reason: Unity was launched with the -noUpm command-line argument
[Package Manager] UpmClient::Send -- Unable to send message (not connected to UPM process).
[Package Manager] Cannot connect to Unity Package Manager local server
Mono: successfully reloaded assembly
[Package Manager] Server::EnsureServerProcessIsRunning -- launch failed, reason: Unity was launched with the -noUpm command-line argument
[Package Manager] UpmClient::Send -- Unable to send message (not connected to UPM process).
[Package Manager] Cannot connect to Unity Package Manager local server
- Finished resetting the current domain, in  2.107 seconds
Domain Reload Profiling: 3009ms
	BeginReloadAssembly (274ms)
		ExecutionOrderSort (0ms)
		DisableScriptedObjects (5ms)
		BackupInstance (0ms)
		ReleaseScriptingObjects (0ms)
		CreateAndSetChildDomain (65ms)
	RebuildCommonClasses (50ms)
	RebuildNativeTypeToScriptingClass (16ms)
	initialDomainReloadingComplete (47ms)
	LoadAllAssembliesAndSetupDomain (514ms)
		LoadAssemblies (628ms)
		RebuildTransferFunctionScriptingTraits (0ms)
		AnalyzeDomain (47ms)
			TypeCache.Refresh (9ms)
				TypeCache.ScanAssembly (0ms)
			ScanForSourceGeneratedMonoScriptInfo (0ms)
			ResolveRequiredComponents (36ms)
	FinalizeReload (2107ms)
		ReleaseScriptCaches (0ms)
		RebuildScriptCaches (0ms)
		SetupLoadedEditorAssemblies (880ms)
			LogAssemblyErrors (0ms)
			InitializePlatformSupportModulesInManaged (47ms)
			SetLoadedEditorAssemblies (9ms)
			RefreshPlugins (0ms)
			BeforeProcessingInitializeOnLoad (171ms)
			ProcessInitializeOnLoadAttributes (519ms)
			ProcessInitializeOnLoadMethodAttributes (123ms)
			AfterProcessingInitializeOnLoad (11ms)
			EditorAssembliesLoaded (0ms)
		ExecutionOrderSort2 (0ms)
		AwakeInstancesAfterBackupRestoration (24ms)
Shader 'Oculus/OVRMRCameraFrameLit': fallback shader 'Alpha-Diffuse' not found
Refreshing native plugins compatible for Editor in 50.80 ms, found 37 plugins.
Preloading 2 native plugins for Editor in 0.17 ms.
Unloading 7623 Unused Serialized files (Serialized files now loaded: 0)
Unloading 161 unused Assets / (0.5 MB). Loaded Objects now: 8284.
Memory consumption went from 252.6 MB to 252.0 MB.
Total: 17.117300 ms (FindLiveObjects: 2.753000 ms CreateObjectMapping: 1.012700 ms MarkObjects: 12.138300 ms  DeleteObjects: 1.208700 ms)

Prepare: number of updated asset objects reloaded= 0
AssetImportParameters requested are different than current active one (requested -> active):
  custom:container-demuxer-ogg: 62fdf1f143b41e24485cea50d1cbac27 -> 
  custom:framework-win-MediaFoundation: 216162199b28c13a410421893ffa2e32 -> 
  custom:container-muxer-webm: aa71ff27fc2769a1b78a27578f13a17b -> 
  custom:video-decoder-webm-vp8: 9c59270c3fd7afecdb556c50c9e8de78 -> 
  custom:SearchIndexIgnoredProperties: e643bd26f0fe6173181afceb89e7c659 -> 
  custom:AudioImporter_EditorPlatform: d09bf68614088b80899f8185d706f6e7 -> 
  custom:audio-decoder-ogg-vorbis: bf7c407c2cedff20999df2af8eb42d56 -> 
  custom:audio-encoder-webm-vorbis: bf7c407c2cedff20999df2af8eb42d56 -> 
  custom:video-decoder-ogg-theora: a1e56fd34408186e4bbccfd4996cb3dc -> 
  custom:CustomObjectIndexerAttribute: a3ef5dd2817f97addfee359851a9dba5 -> 
  custom:container-demuxer-webm: 4f35f7cbe854078d1ac9338744f61a02 -> 
  custom:video-encoder-webm-vp8: eb34c28f22e8b96e1ab97ce403110664 -> 
========================================================================
Received Prepare
Begin MonoManager ReloadAssembly
- Loaded All Assemblies, in  0.701 seconds
Refreshing native plugins compatible for Editor in 29.27 ms, found 37 plugins.
Native extension for WindowsStandalone target not found
Native extension for Android target not found
Native extension for OSXStandalone target not found
Native extension for WebGL target not found
[Package Manager] Server::EnsureServerProcessIsRunning -- launch failed, reason: Unity was launched with the -noUpm command-line argument
[Package Manager] UpmClient::Send -- Unable to send message (not connected to UPM process).
[Package Manager] Cannot connect to Unity Package Manager local server
[Package Manager] Server::EnsureServerProcessIsRunning -- launch failed, reason: Unity was launched with the -noUpm command-line argument
[Package Manager] UpmClient::Send -- Unable to send message (not connected to UPM process).
[Package Manager] Cannot connect to Unity Package Manager local server
CreateSerializedAsset is not supported while importing out-of-process
UnityEngine.StackTraceUtility:ExtractStackTrace ()
OVRRuntimeSettings:GetRuntimeSettings () (at Assets/Oculus/VR/Scripts/OVRRuntimeSettings.cs:172)
OVRRuntimeSettings:get_Instance () (at Assets/Oculus/VR/Scripts/OVRRuntimeSettings.cs:40)
OVRTelemetry:get_IsActive () (at Assets/Oculus/VR/Scripts/OVRTelemetry/OVRTelemetry.cs:40)
OVRTelemetry:get_Client () (at Assets/Oculus/VR/Scripts/OVRTelemetry/OVRTelemetry.cs:46)
OVRTelemetryMarker:.ctor (int,int,long) (at Assets/Oculus/VR/Scripts/OVRTelemetry/OVRTelemetryMarker.cs:54)
OVRTelemetry:Start (int,int,long) (at Assets/Oculus/VR/Scripts/OVRTelemetry/OVRTelemetry.cs:157)
OVRTelemetry:SendEvent (int,OVRPlugin/Qpl/ResultType) (at Assets/Oculus/VR/Scripts/OVRTelemetry/OVRTelemetry.cs:163)
OVREditorStart:.cctor () (at Assets/Oculus/VR/Editor/OVRTelemetry/OVREditorStart.cs:35)
System.Runtime.CompilerServices.RuntimeHelpers:RunClassConstructor (System.RuntimeTypeHandle)
UnityEditor.EditorAssemblies:ProcessInitializeOnLoadAttributes (System.Type[])

[Assets/Oculus/VR/Scripts/OVRRuntimeSettings.cs line 172]

UnityEngine.UnityException: Creating asset at path Assets/Resources/OculusRuntimeSettings.asset failed.
  at (wrapper managed-to-native) UnityEditor.AssetDatabase.CreateAsset(UnityEngine.Object,string)
  at OVRRuntimeSettings.GetRuntimeSettings () [0x00056] in C:\Users\User\Desktop\HEIDY\Aprendiendo Unyti\Metaverso\Assets\Oculus\VR\Scripts\OVRRuntimeSettings.cs:172 
  at OVRRuntimeSettings.get_Instance () [0x0000d] in C:\Users\User\Desktop\HEIDY\Aprendiendo Unyti\Metaverso\Assets\Oculus\VR\Scripts\OVRRuntimeSettings.cs:40 
  at OVRTelemetry.get_IsActive () [0x00000] in C:\Users\User\Desktop\HEIDY\Aprendiendo Unyti\Metaverso\Assets\Oculus\VR\Scripts\OVRTelemetry\OVRTelemetry.cs:40 
  at OVRTelemetry.get_Client () [0x00000] in C:\Users\User\Desktop\HEIDY\Aprendiendo Unyti\Metaverso\Assets\Oculus\VR\Scripts\OVRTelemetry\OVRTelemetry.cs:46 
  at OVRTelemetryMarker..ctor (System.Int32 markerId, System.Int32 instanceKey, System.Int64 timestampMs) [0x00000] in C:\Users\User\Desktop\HEIDY\Aprendiendo Unyti\Metaverso\Assets\Oculus\VR\Scripts\OVRTelemetry\OVRTelemetryMarker.cs:54 
  at OVRTelemetry.Start (System.Int32 markerId, System.Int32 instanceKey, System.Int64 timestampMs) [0x00000] in C:\Users\User\Desktop\HEIDY\Aprendiendo Unyti\Metaverso\Assets\Oculus\VR\Scripts\OVRTelemetry\OVRTelemetry.cs:157 
  at OVRTelemetry.SendEvent (System.Int32 markerId, OVRPlugin+Qpl+ResultType result) [0x00000] in C:\Users\User\Desktop\HEIDY\Aprendiendo Unyti\Metaverso\Assets\Oculus\VR\Scripts\OVRTelemetry\OVRTelemetry.cs:163 
  at OVREditorStart..cctor () [0x00023] in C:\Users\User\Desktop\HEIDY\Aprendiendo Unyti\Metaverso\Assets\Oculus\VR\Editor\OVRTelemetry\OVREditorStart.cs:35 
UnityEngine.StackTraceUtility:ExtractStackTrace ()
UnityEngine.DebugLogHandler:LogFormat (UnityEngine.LogType,UnityEngine.Object,string,object[])
UnityEngine.Logger:Log (UnityEngine.LogType,object)
UnityEngine.Debug:LogError (object)
UnityEditor.EditorAssemblies:ProcessInitializeOnLoadAttributes (System.Type[])

Mono: successfully reloaded assembly
[Package Manager] Server::EnsureServerProcessIsRunning -- launch failed, reason: Unity was launched with the -noUpm command-line argument
[Package Manager] UpmClient::Send -- Unable to send message (not connected to UPM process).
[Package Manager] Cannot connect to Unity Package Manager local server
- Finished resetting the current domain, in  2.017 seconds
Domain Reload Profiling: 2711ms
	BeginReloadAssembly (204ms)
		ExecutionOrderSort (0ms)
		DisableScriptedObjects (5ms)
		BackupInstance (0ms)
		ReleaseScriptingObjects (0ms)
		CreateAndSetChildDomain (60ms)
	RebuildCommonClasses (41ms)
	RebuildNativeTypeToScriptingClass (14ms)
	initialDomainReloadingComplete (36ms)
	LoadAllAssembliesAndSetupDomain (398ms)
		LoadAssemblies (457ms)
		RebuildTransferFunctionScriptingTraits (0ms)
		AnalyzeDomain (41ms)
			TypeCache.Refresh (10ms)
				TypeCache.ScanAssembly (0ms)
			ScanForSourceGeneratedMonoScriptInfo (0ms)
			ResolveRequiredComponents (30ms)
	FinalizeReload (2017ms)
		ReleaseScriptCaches (0ms)
		RebuildScriptCaches (0ms)
		SetupLoadedEditorAssemblies (791ms)
			LogAssemblyErrors (0ms)
			InitializePlatformSupportModulesInManaged (44ms)
			SetLoadedEditorAssemblies (14ms)
			RefreshPlugins (0ms)
			BeforeProcessingInitializeOnLoad (202ms)
			ProcessInitializeOnLoadAttributes (426ms)
			ProcessInitializeOnLoadMethodAttributes (96ms)
			AfterProcessingInitializeOnLoad (9ms)
			EditorAssembliesLoaded (0ms)
		ExecutionOrderSort2 (0ms)
		AwakeInstancesAfterBackupRestoration (19ms)
Shader 'Oculus/OVRMRCameraFrameLit': fallback shader 'Alpha-Diffuse' not found
Refreshing native plugins compatible for Editor in 32.63 ms, found 37 plugins.
Preloading 2 native plugins for Editor in 0.14 ms.
Unloading 7624 Unused Serialized files (Serialized files now loaded: 0)
Unloading 162 unused Assets / (0.5 MB). Loaded Objects now: 8290.
Memory consumption went from 252.7 MB to 252.2 MB.
Total: 10.976800 ms (FindLiveObjects: 1.486000 ms CreateObjectMapping: 0.349500 ms MarkObjects: 8.143000 ms  DeleteObjects: 0.995400 ms)

Prepare: number of updated asset objects reloaded= 0
AssetImportParameters requested are different than current active one (requested -> active):
  custom:container-demuxer-ogg: 62fdf1f143b41e24485cea50d1cbac27 -> 
  custom:framework-win-MediaFoundation: 216162199b28c13a410421893ffa2e32 -> 
  custom:container-muxer-webm: aa71ff27fc2769a1b78a27578f13a17b -> 
  custom:video-decoder-webm-vp8: 9c59270c3fd7afecdb556c50c9e8de78 -> 
  custom:SearchIndexIgnoredProperties: e643bd26f0fe6173181afceb89e7c659 -> 
  custom:AudioImporter_EditorPlatform: d09bf68614088b80899f8185d706f6e7 -> 
  custom:audio-decoder-ogg-vorbis: bf7c407c2cedff20999df2af8eb42d56 -> 
  custom:audio-encoder-webm-vorbis: bf7c407c2cedff20999df2af8eb42d56 -> 
  custom:video-decoder-ogg-theora: a1e56fd34408186e4bbccfd4996cb3dc -> 
  custom:CustomObjectIndexerAttribute: a3ef5dd2817f97addfee359851a9dba5 -> 
  custom:container-demuxer-webm: 4f35f7cbe854078d1ac9338744f61a02 -> 
  custom:video-encoder-webm-vp8: eb34c28f22e8b96e1ab97ce403110664 -> 
